[T 16:34:30 11968] CodeQL CLI version 2.16.3
[T 16:34:30 11968] Initializing tracer.
[T 16:34:30 11968] Initializing tags.
[T 16:34:30 11968] ID set to 0000000000002EC0_0000000000000001 (parent root)
[T 16:34:30 11968] Initializing tracer.
[T 16:34:30 11968] Initializing tags.
[T 16:34:30 11968] ID set to 0000000000002EC0_0000000000000002 (parent root)
[T 16:34:30 11968] ==== Candidate to intercept: /usr/local/codeql/go/tools/autobuild.sh (canonical: /usr/local/codeql/go/tools/autobuild.sh) ====
[T 16:34:30 11968] Executing the following tracer actions:
[T 16:34:30 11968] Tracer actions:
[T 16:34:30 11968] pre_invocations(0)
[T 16:34:30 11968] post_invocations(0)
[T 16:34:30 11968] trace_languages(1): [go]
[T 16:34:30 11968] Initializing tracer.
[T 16:34:30 11968] Initializing tags.
[T 16:34:30 11968] ID set to 0000000000002EC0_0000000000000003 (parent 0000000000002EC0_0000000000000002)
[T 16:34:30 11972] Initializing tracer.
[T 16:34:30 11972] Initializing tags.
[T 16:34:30 11972] ID set to 0000000000002EC4_0000000000000001 (parent 0000000000002EC0_0000000000000003)
[T 16:34:30 11972] ==== Candidate to intercept: /usr/local/codeql/go/tools/linux64/go-autobuilder (canonical: /usr/local/codeql/go/tools/linux64/go-autobuilder) ====
[T 16:34:30 11972] Lua: === Intercepted call to /usr/local/codeql/go/tools/linux64/go-autobuilder ===
[T 16:34:30 11972] Lua: Disabling tracing for language go.
[T 16:34:30 11972] Executing the following tracer actions:
[T 16:34:30 11972] Tracer actions:
[T 16:34:30 11972] pre_invocations(0)
[T 16:34:30 11972] post_invocations(0)
[T 16:34:30 11972] trace_languages(0): []
[T 16:34:30 11972] Disabling tracing for this command.
