[2024-03-03 18:34:29] This is codeql database create codeql --language=go
[2024-03-03 18:34:29] Log file was started late.
[2024-03-03 18:34:29] [PROGRESS] database create> Initializing database at /home/pantazis/projects/earentir/packages/gitearelease/codeql.
[2024-03-03 18:34:29] Running plumbing command: codeql database init --language=go --extractor-options-verbosity=1 --qlconfig-file=/home/pantazis/projects/earentir/packages/gitearelease/qlconfig.yml --source-root=/home/pantazis/projects/earentir/packages/gitearelease --allow-missing-source-root=false --allow-already-existing -- /home/pantazis/projects/earentir/packages/gitearelease/codeql
[2024-03-03 18:34:29] Calling plumbing command: codeql resolve languages --extractor-options-verbosity=1 --format=betterjson
[2024-03-03 18:34:29] [DETAILS] resolve languages> Scanning for [codeql-extractor.yml] from /usr/local/codeql/.codeqlmanifest.json
[2024-03-03 18:34:29] [DETAILS] resolve languages> Parsing /usr/local/codeql/ruby/codeql-extractor.yml.
[2024-03-03 18:34:29] [DETAILS] resolve languages> Parsing /usr/local/codeql/html/codeql-extractor.yml.
[2024-03-03 18:34:29] [DETAILS] resolve languages> Parsing /usr/local/codeql/go/codeql-extractor.yml.
[2024-03-03 18:34:29] [DETAILS] resolve languages> Parsing /usr/local/codeql/cpp/codeql-extractor.yml.
[2024-03-03 18:34:29] [DETAILS] resolve languages> Parsing /usr/local/codeql/swift/codeql-extractor.yml.
[2024-03-03 18:34:29] [DETAILS] resolve languages> Parsing /usr/local/codeql/java/codeql-extractor.yml.
[2024-03-03 18:34:29] [DETAILS] resolve languages> Parsing /usr/local/codeql/properties/codeql-extractor.yml.
[2024-03-03 18:34:29] [DETAILS] resolve languages> Parsing /usr/local/codeql/csv/codeql-extractor.yml.
[2024-03-03 18:34:29] [DETAILS] resolve languages> Parsing /usr/local/codeql/xml/codeql-extractor.yml.
[2024-03-03 18:34:29] [DETAILS] resolve languages> Parsing /usr/local/codeql/javascript/codeql-extractor.yml.
[2024-03-03 18:34:29] [DETAILS] resolve languages> Parsing /usr/local/codeql/python/codeql-extractor.yml.
[2024-03-03 18:34:29] [DETAILS] resolve languages> Parsing /usr/local/codeql/yaml/codeql-extractor.yml.
[2024-03-03 18:34:29] [DETAILS] resolve languages> Parsing /usr/local/codeql/csharp/codeql-extractor.yml.
[2024-03-03 18:34:29] Plumbing command codeql resolve languages completed:
                      {
                        "aliases" : {
                          "c" : "cpp",
                          "c++" : "cpp",
                          "c-c++" : "cpp",
                          "c-cpp" : "cpp",
                          "c#" : "csharp",
                          "java-kotlin" : "java",
                          "kotlin" : "java",
                          "javascript-typescript" : "javascript",
                          "typescript" : "javascript"
                        },
                        "extractors" : {
                          "ruby" : [
                            {
                              "extractor_root" : "/usr/local/codeql/ruby",
                              "extractor_options" : {
                                "trap" : {
                                  "title" : "Options pertaining to TRAP.",
                                  "description" : "Options pertaining to TRAP.",
                                  "type" : "object",
                                  "properties" : {
                                    "compression" : {
                                      "title" : "Controls compression for the TRAP files written by the extractor.",
                                      "description" : "This option is only intended for use in debugging the extractor. Accepted values are 'gzip' (the default, to write gzip-compressed TRAP) and 'none' (to write uncompressed TRAP).\n",
                                      "type" : "string",
                                      "pattern" : "^(none|gzip)$"
                                    }
                                  }
                                }
                              }
                            }
                          ],
                          "html" : [
                            {
                              "extractor_root" : "/usr/local/codeql/html"
                            }
                          ],
                          "go" : [
                            {
                              "extractor_root" : "/usr/local/codeql/go"
                            }
                          ],
                          "cpp" : [
                            {
                              "extractor_root" : "/usr/local/codeql/cpp",
                              "extractor_options" : { }
                            }
                          ],
                          "swift" : [
                            {
                              "extractor_root" : "/usr/local/codeql/swift"
                            }
                          ],
                          "java" : [
                            {
                              "extractor_root" : "/usr/local/codeql/java",
                              "extractor_options" : {
                                "exclude" : {
                                  "title" : "A glob excluding files from analysis.",
                                  "description" : "A glob indicating what files to exclude from the analysis.\n",
                                  "type" : "string"
                                },
                                "add_prefer_source" : {
                                  "title" : "Whether to always prefer source files over class files.",
                                  "description" : "A value indicating whether source files should be preferred over class files. If set to 'true', the extraction adds '-Xprefer:source' to the javac command line. If set to 'false', the extraction uses the default javac behavior ('-Xprefer:newer'). The default is 'true'.\n",
                                  "type" : "string",
                                  "pattern" : "^(false|true)$"
                                },
                                "buildless" : {
                                  "title" : "Whether to use buildless (standalone) extraction (experimental).",
                                  "description" : "A value indicating, which type of extraction the autobuilder should perform. If 'true', then the standalone extractor will be used, otherwise tracing extraction will be performed. The default is 'false'. Note that buildless extraction will generally yield less accurate analysis results, and should only be used in cases where it is not possible to build the code (for example if it uses inaccessible dependencies).\n",
                                  "type" : "string",
                                  "pattern" : "^(false|true)$"
                                }
                              }
                            }
                          ],
                          "properties" : [
                            {
                              "extractor_root" : "/usr/local/codeql/properties"
                            }
                          ],
                          "csv" : [
                            {
                              "extractor_root" : "/usr/local/codeql/csv"
                            }
                          ],
                          "xml" : [
                            {
                              "extractor_root" : "/usr/local/codeql/xml"
                            }
                          ],
                          "javascript" : [
                            {
                              "extractor_root" : "/usr/local/codeql/javascript",
                              "extractor_options" : {
                                "skip_types" : {
                                  "title" : "Skip type extraction for TypeScript",
                                  "description" : "Whether to skip the extraction of types in a TypeScript application",
                                  "type" : "string",
                                  "pattern" : "^(false|true)$"
                                }
                              }
                            }
                          ],
                          "python" : [
                            {
                              "extractor_root" : "/usr/local/codeql/python",
                              "extractor_options" : {
                                "logging" : {
                                  "title" : "Options pertaining to logging.",
                                  "description" : "Options pertaining to logging.",
                                  "type" : "object",
                                  "properties" : {
                                    "verbosity" : {
                                      "title" : "Python extractor logging verbosity level.",
                                      "description" : "Controls the level of verbosity of the CodeQL Python extractor.\nThe supported levels are (in order of increasing verbosity):\n\n  - off\n  - errors\n  - warnings\n  - info or progress\n  - debug or progress+\n  - trace or progress++\n  - progress+++\n",
                                      "type" : "string",
                                      "pattern" : "^(off|errors|warnings|(info|progress)|(debug|progress\\+)|(trace|progress\\+\\+)|progress\\+\\+\\+)$"
                                    }
                                  }
                                },
                                "python_executable_name" : {
                                  "title" : "Controls the name of the Python executable used by the Python extractor.",
                                  "description" : "The Python extractor uses platform-dependent heuristics to determine the name of the Python executable to use. Specifying a value for this option overrides the name of the Python executable used by the extractor. Accepted values are py, python and python3. Use this setting with caution, the Python extractor requires Python 3 to run.\n",
                                  "type" : "string",
                                  "pattern" : "^(py|python|python3)$"
                                }
                              }
                            }
                          ],
                          "yaml" : [
                            {
                              "extractor_root" : "/usr/local/codeql/yaml"
                            }
                          ],
                          "csharp" : [
                            {
                              "extractor_root" : "/usr/local/codeql/csharp",
                              "extractor_options" : {
                                "trap" : {
                                  "title" : "Options pertaining to TRAP.",
                                  "description" : "Options pertaining to TRAP.",
                                  "type" : "object",
                                  "properties" : {
                                    "compression" : {
                                      "title" : "Controls compression for the TRAP files written by the extractor.",
                                      "description" : "This option is only intended for use in debugging the extractor. Accepted values are 'brotli' (the default, to write brotli-compressed TRAP), 'gzip', and 'none' (to write uncompressed TRAP).\n",
                                      "type" : "string",
                                      "pattern" : "^(none|gzip|brotli)$"
                                    }
                                  }
                                },
                                "buildless" : {
                                  "title" : "Whether to use buildless (standalone) extraction.",
                                  "description" : "A value indicating, which type of extraction the autobuilder should perform. If 'true', then the standalone extractor will be used, otherwise tracing extraction will be performed. The default is 'false'. Note that buildless extraction will generally yield less accurate analysis results, and should only be used in cases where it is not possible to build the code (for example if it uses inaccessible dependencies).\n",
                                  "type" : "string",
                                  "pattern" : "^(false|true)$"
                                },
                                "cil" : {
                                  "title" : "Whether to enable CIL extraction.",
                                  "description" : "A value indicating, whether CIL extraction should be enabled. The default is 'true'.\n",
                                  "type" : "string",
                                  "pattern" : "^(false|true)$"
                                },
                                "logging" : {
                                  "title" : "Options pertaining to logging.",
                                  "description" : "Options pertaining to logging.",
                                  "type" : "object",
                                  "properties" : {
                                    "verbosity" : {
                                      "title" : "Extractor logging verbosity level.",
                                      "description" : "Controls the level of verbosity of the extractor. The supported levels are (in order of increasing verbosity):\n  - off\n  - errors\n  - warnings\n  - info or progress\n  - debug or progress+\n  - trace or progress++\n  - progress+++\n",
                                      "type" : "string",
                                      "pattern" : "^(off|errors|warnings|(info|progress)|(debug|progress\\+)|(trace|progress\\+\\+)|progress\\+\\+\\+)$"
                                    }
                                  }
                                }
                              }
                            }
                          ]
                        }
                      }
[2024-03-03 18:34:29] [PROGRESS] database init> Calculating baseline information in /home/pantazis/projects/earentir/packages/gitearelease
[2024-03-03 18:34:29] [SPAMMY] database init> Ignoring the following directories when processing baseline information: .git, .hg, .svn.
[2024-03-03 18:34:29] [DETAILS] database init> Running command in /home/pantazis/projects/earentir/packages/gitearelease: /usr/local/codeql/tools/linux64/scc --by-file --exclude-dir .git,.hg,.svn --format json --no-large --no-min .
[2024-03-03 18:34:29] Using configure-baseline script /usr/local/codeql/go/tools/configure-baseline.sh.
[2024-03-03 18:34:29] [PROGRESS] database init> Running command in /home/pantazis/projects/earentir/packages/gitearelease: [/usr/local/codeql/go/tools/configure-baseline.sh]
[2024-03-03 18:34:29] [SPAMMY] database init> Found 11 baseline files for go.
[2024-03-03 18:34:29] [PROGRESS] database init> Calculated baseline information for languages: go (39ms).
[2024-03-03 18:34:29] [PROGRESS] database init> Resolving extractor go.
[2024-03-03 18:34:29] [DETAILS] database init> Found candidate extractor root for go: /usr/local/codeql/go.
[2024-03-03 18:34:29] [PROGRESS] database init> Successfully loaded extractor Go (go) from /usr/local/codeql/go.
[2024-03-03 18:34:29] [PROGRESS] database init> Created skeleton CodeQL database at /home/pantazis/projects/earentir/packages/gitearelease/codeql. This in-progress database is ready to be populated by an extractor.
[2024-03-03 18:34:29] Plumbing command codeql database init completed.
[2024-03-03 18:34:29] Using autobuild script /usr/local/codeql/go/tools/autobuild.sh.
[2024-03-03 18:34:29] [DETAILS] database create> Detected autobuild command for Go: /usr/local/codeql/go/tools/autobuild.sh.
[2024-03-03 18:34:29] [PROGRESS] database create> Running build command: [/usr/local/codeql/go/tools/autobuild.sh]
[2024-03-03 18:34:30] Running plumbing command: codeql database trace-command --working-dir=/home/pantazis/projects/earentir/packages/gitearelease --index-traceless-dbs --no-db-cluster -- /home/pantazis/projects/earentir/packages/gitearelease/codeql /usr/local/codeql/go/tools/autobuild.sh
[2024-03-03 18:34:30] [PROGRESS] database trace-command> Running command in /home/pantazis/projects/earentir/packages/gitearelease: [/usr/local/codeql/go/tools/autobuild.sh]
[2024-03-03 18:34:30] [build-stderr] 2024/03/03 18:34:30 Autobuilder was built with go1.21.7, environment has go1.22.0
[2024-03-03 18:34:30] [build-stderr] 2024/03/03 18:34:30 LGTM_SRC is /home/pantazis/projects/earentir/packages/gitearelease
[2024-03-03 18:34:30] [build-stderr] 2024/03/03 18:34:30 Found go.mod, enabling go modules
[2024-03-03 18:34:30] [build-stderr] 2024/03/03 18:34:30 Failed to stat go.sum after running `go mod tidy -e`
[2024-03-03 18:34:30] [build-stderr] 2024/03/03 18:34:30 Unable to determine import path, as neither LGTM_INDEX_IMPORT_PATH nor GITHUB_REPOSITORY is set
[2024-03-03 18:34:30] [build-stderr] 2024/03/03 18:34:30 Build failed, continuing to install dependencies.
[2024-03-03 18:34:30] [build-stderr] 2024/03/03 18:34:30 Installing dependencies using `go get -v ./...` in `.`.
[2024-03-03 18:34:30] [build-stderr] 2024/03/03 18:34:30 Running extractor command '/usr/local/codeql/go/tools/linux64/go-extractor [./...]' from directory '.'.
[2024-03-03 18:34:30] [build-stderr] 2024/03/03 18:34:30 Build flags: ''; patterns: './...'
[2024-03-03 18:34:30] [build-stderr] 2024/03/03 18:34:30 Running packages.Load.
[2024-03-03 18:34:30] [build-stderr] 2024/03/03 18:34:30 Done running packages.Load.
[2024-03-03 18:34:30] [build-stderr] 2024/03/03 18:34:30 Extracting universe scope.
[2024-03-03 18:34:30] [build-stderr] 2024/03/03 18:34:30 Done extracting universe scope.
[2024-03-03 18:34:30] [build-stderr] 2024/03/03 18:34:30 Processing package internal/goarch.
[2024-03-03 18:34:31] [build-stderr] 2024/03/03 18:34:31 Extracting types for package internal/goarch.
[2024-03-03 18:34:31] [build-stderr] 2024/03/03 18:34:31 Done extracting types for package internal/goarch.
[2024-03-03 18:34:31] [build-stderr] 2024/03/03 18:34:31 Processing package unsafe.
[2024-03-03 18:34:31] [build-stderr] 2024/03/03 18:34:31 Extracting types for package unsafe.
[2024-03-03 18:34:31] [build-stderr] 2024/03/03 18:34:31 Done extracting types for package unsafe.
[2024-03-03 18:34:31] [build-stderr] 2024/03/03 18:34:31 Processing package internal/abi.
[2024-03-03 18:34:31] [build-stderr] 2024/03/03 18:34:31 Extracting types for package internal/abi.
[2024-03-03 18:34:31] [build-stderr] 2024/03/03 18:34:31 Done extracting types for package internal/abi.
[2024-03-03 18:34:31] [build-stderr] 2024/03/03 18:34:31 Processing package internal/unsafeheader.
[2024-03-03 18:34:31] [build-stderr] 2024/03/03 18:34:31 Extracting types for package internal/unsafeheader.
[2024-03-03 18:34:31] [build-stderr] 2024/03/03 18:34:31 Done extracting types for package internal/unsafeheader.
[2024-03-03 18:34:31] [build-stderr] 2024/03/03 18:34:31 Processing package internal/cpu.
[2024-03-03 18:34:31] [build-stderr] 2024/03/03 18:34:31 Extracting types for package internal/cpu.
[2024-03-03 18:34:31] [build-stderr] 2024/03/03 18:34:31 Done extracting types for package internal/cpu.
[2024-03-03 18:34:31] [build-stderr] 2024/03/03 18:34:31 Processing package internal/bytealg.
[2024-03-03 18:34:31] [build-stderr] 2024/03/03 18:34:31 Extracting types for package internal/bytealg.
[2024-03-03 18:34:31] [build-stderr] 2024/03/03 18:34:31 Done extracting types for package internal/bytealg.
[2024-03-03 18:34:31] [build-stderr] 2024/03/03 18:34:31 Processing package internal/chacha8rand.
[2024-03-03 18:34:31] [build-stderr] 2024/03/03 18:34:31 Extracting types for package internal/chacha8rand.
[2024-03-03 18:34:31] [build-stderr] 2024/03/03 18:34:31 Done extracting types for package internal/chacha8rand.
[2024-03-03 18:34:31] [build-stderr] 2024/03/03 18:34:31 Processing package internal/coverage/rtcov.
[2024-03-03 18:34:32] [build-stderr] 2024/03/03 18:34:32 Extracting types for package internal/coverage/rtcov.
[2024-03-03 18:34:32] [build-stderr] 2024/03/03 18:34:32 Done extracting types for package internal/coverage/rtcov.
[2024-03-03 18:34:32] [build-stderr] 2024/03/03 18:34:32 Processing package internal/godebugs.
[2024-03-03 18:34:32] [build-stderr] 2024/03/03 18:34:32 Extracting types for package internal/godebugs.
[2024-03-03 18:34:32] [build-stderr] 2024/03/03 18:34:32 Done extracting types for package internal/godebugs.
[2024-03-03 18:34:32] [build-stderr] 2024/03/03 18:34:32 Processing package internal/goexperiment.
[2024-03-03 18:34:32] [build-stderr] 2024/03/03 18:34:32 Extracting types for package internal/goexperiment.
[2024-03-03 18:34:32] [build-stderr] 2024/03/03 18:34:32 Done extracting types for package internal/goexperiment.
[2024-03-03 18:34:32] [build-stderr] 2024/03/03 18:34:32 Processing package internal/goos.
[2024-03-03 18:34:32] [build-stderr] 2024/03/03 18:34:32 Extracting types for package internal/goos.
[2024-03-03 18:34:32] [build-stderr] 2024/03/03 18:34:32 Done extracting types for package internal/goos.
[2024-03-03 18:34:32] [build-stderr] 2024/03/03 18:34:32 Processing package runtime/internal/atomic.
[2024-03-03 18:34:32] [build-stderr] 2024/03/03 18:34:32 Extracting types for package runtime/internal/atomic.
[2024-03-03 18:34:32] [build-stderr] 2024/03/03 18:34:32 Done extracting types for package runtime/internal/atomic.
[2024-03-03 18:34:32] [build-stderr] 2024/03/03 18:34:32 Processing package runtime/internal/math.
[2024-03-03 18:34:32] [build-stderr] 2024/03/03 18:34:32 Extracting types for package runtime/internal/math.
[2024-03-03 18:34:32] [build-stderr] 2024/03/03 18:34:32 Done extracting types for package runtime/internal/math.
[2024-03-03 18:34:32] [build-stderr] 2024/03/03 18:34:32 Processing package runtime/internal/sys.
[2024-03-03 18:34:32] [build-stderr] 2024/03/03 18:34:32 Extracting types for package runtime/internal/sys.
[2024-03-03 18:34:32] [build-stderr] 2024/03/03 18:34:32 Done extracting types for package runtime/internal/sys.
[2024-03-03 18:34:32] [build-stderr] 2024/03/03 18:34:32 Processing package runtime/internal/syscall.
[2024-03-03 18:34:33] [build-stderr] 2024/03/03 18:34:33 Extracting types for package runtime/internal/syscall.
[2024-03-03 18:34:33] [build-stderr] 2024/03/03 18:34:33 Done extracting types for package runtime/internal/syscall.
[2024-03-03 18:34:33] [build-stderr] 2024/03/03 18:34:33 Processing package runtime.
[2024-03-03 18:34:33] [build-stderr] 2024/03/03 18:34:33 Extracting types for package runtime.
[2024-03-03 18:34:33] [build-stderr] 2024/03/03 18:34:33 Done extracting types for package runtime.
[2024-03-03 18:34:33] [build-stderr] 2024/03/03 18:34:33 Processing package internal/reflectlite.
[2024-03-03 18:34:33] [build-stderr] 2024/03/03 18:34:33 Extracting types for package internal/reflectlite.
[2024-03-03 18:34:33] [build-stderr] 2024/03/03 18:34:33 Done extracting types for package internal/reflectlite.
[2024-03-03 18:34:33] [build-stderr] 2024/03/03 18:34:33 Processing package errors.
[2024-03-03 18:34:33] [build-stderr] 2024/03/03 18:34:33 Extracting types for package errors.
[2024-03-03 18:34:33] [build-stderr] 2024/03/03 18:34:33 Done extracting types for package errors.
[2024-03-03 18:34:33] [build-stderr] 2024/03/03 18:34:33 Processing package internal/race.
[2024-03-03 18:34:33] [build-stderr] 2024/03/03 18:34:33 Extracting types for package internal/race.
[2024-03-03 18:34:33] [build-stderr] 2024/03/03 18:34:33 Done extracting types for package internal/race.
[2024-03-03 18:34:33] [build-stderr] 2024/03/03 18:34:33 Processing package sync/atomic.
[2024-03-03 18:34:33] [build-stderr] 2024/03/03 18:34:33 Extracting types for package sync/atomic.
[2024-03-03 18:34:33] [build-stderr] 2024/03/03 18:34:33 Done extracting types for package sync/atomic.
[2024-03-03 18:34:33] [build-stderr] 2024/03/03 18:34:33 Processing package sync.
[2024-03-03 18:34:34] [build-stderr] 2024/03/03 18:34:34 Extracting types for package sync.
[2024-03-03 18:34:34] [build-stderr] 2024/03/03 18:34:34 Done extracting types for package sync.
[2024-03-03 18:34:34] [build-stderr] 2024/03/03 18:34:34 Processing package io.
[2024-03-03 18:34:34] [build-stderr] 2024/03/03 18:34:34 Extracting types for package io.
[2024-03-03 18:34:34] [build-stderr] 2024/03/03 18:34:34 Done extracting types for package io.
[2024-03-03 18:34:34] [build-stderr] 2024/03/03 18:34:34 Processing package unicode.
[2024-03-03 18:34:34] [build-stderr] 2024/03/03 18:34:34 Extracting types for package unicode.
[2024-03-03 18:34:34] [build-stderr] 2024/03/03 18:34:34 Done extracting types for package unicode.
[2024-03-03 18:34:34] [build-stderr] 2024/03/03 18:34:34 Processing package unicode/utf8.
[2024-03-03 18:34:34] [build-stderr] 2024/03/03 18:34:34 Extracting types for package unicode/utf8.
[2024-03-03 18:34:34] [build-stderr] 2024/03/03 18:34:34 Done extracting types for package unicode/utf8.
[2024-03-03 18:34:34] [build-stderr] 2024/03/03 18:34:34 Processing package bytes.
[2024-03-03 18:34:34] [build-stderr] 2024/03/03 18:34:34 Extracting types for package bytes.
[2024-03-03 18:34:34] [build-stderr] 2024/03/03 18:34:34 Done extracting types for package bytes.
[2024-03-03 18:34:34] [build-stderr] 2024/03/03 18:34:34 Processing package encoding.
[2024-03-03 18:34:34] [build-stderr] 2024/03/03 18:34:34 Extracting types for package encoding.
[2024-03-03 18:34:34] [build-stderr] 2024/03/03 18:34:34 Done extracting types for package encoding.
[2024-03-03 18:34:34] [build-stderr] 2024/03/03 18:34:34 Processing package math/bits.
[2024-03-03 18:34:34] [build-stderr] 2024/03/03 18:34:34 Extracting types for package math/bits.
[2024-03-03 18:34:34] [build-stderr] 2024/03/03 18:34:34 Done extracting types for package math/bits.
[2024-03-03 18:34:34] [build-stderr] 2024/03/03 18:34:34 Processing package math.
[2024-03-03 18:34:35] [build-stderr] 2024/03/03 18:34:35 Extracting types for package math.
[2024-03-03 18:34:35] [build-stderr] 2024/03/03 18:34:35 Done extracting types for package math.
[2024-03-03 18:34:35] [build-stderr] 2024/03/03 18:34:35 Processing package internal/itoa.
[2024-03-03 18:34:35] [build-stderr] 2024/03/03 18:34:35 Extracting types for package internal/itoa.
[2024-03-03 18:34:35] [build-stderr] 2024/03/03 18:34:35 Done extracting types for package internal/itoa.
[2024-03-03 18:34:35] [build-stderr] 2024/03/03 18:34:35 Processing package strconv.
[2024-03-03 18:34:35] [build-stderr] 2024/03/03 18:34:35 Extracting types for package strconv.
[2024-03-03 18:34:35] [build-stderr] 2024/03/03 18:34:35 Done extracting types for package strconv.
[2024-03-03 18:34:35] [build-stderr] 2024/03/03 18:34:35 Processing package reflect.
[2024-03-03 18:34:35] [build-stderr] 2024/03/03 18:34:35 Extracting types for package reflect.
[2024-03-03 18:34:35] [build-stderr] 2024/03/03 18:34:35 Done extracting types for package reflect.
[2024-03-03 18:34:35] [build-stderr] 2024/03/03 18:34:35 Processing package encoding/binary.
[2024-03-03 18:34:35] [build-stderr] 2024/03/03 18:34:35 Extracting types for package encoding/binary.
[2024-03-03 18:34:35] [build-stderr] 2024/03/03 18:34:35 Done extracting types for package encoding/binary.
[2024-03-03 18:34:35] [build-stderr] 2024/03/03 18:34:35 Processing package cmp.
[2024-03-03 18:34:35] [build-stderr] 2024/03/03 18:34:35 Extracting types for package cmp.
[2024-03-03 18:34:35] [build-stderr] 2024/03/03 18:34:35 Done extracting types for package cmp.
[2024-03-03 18:34:35] [build-stderr] 2024/03/03 18:34:35 Processing package slices.
[2024-03-03 18:34:35] [build-stderr] 2024/03/03 18:34:35 Extracting types for package slices.
[2024-03-03 18:34:35] [build-stderr] 2024/03/03 18:34:35 Done extracting types for package slices.
[2024-03-03 18:34:35] [build-stderr] 2024/03/03 18:34:35 Processing package encoding/base64.
[2024-03-03 18:34:36] [build-stderr] 2024/03/03 18:34:36 Extracting types for package encoding/base64.
[2024-03-03 18:34:36] [build-stderr] 2024/03/03 18:34:36 Done extracting types for package encoding/base64.
[2024-03-03 18:34:36] [build-stderr] 2024/03/03 18:34:36 Processing package sort.
[2024-03-03 18:34:36] [build-stderr] 2024/03/03 18:34:36 Extracting types for package sort.
[2024-03-03 18:34:36] [build-stderr] 2024/03/03 18:34:36 Done extracting types for package sort.
[2024-03-03 18:34:36] [build-stderr] 2024/03/03 18:34:36 Processing package internal/fmtsort.
[2024-03-03 18:34:36] [build-stderr] 2024/03/03 18:34:36 Extracting types for package internal/fmtsort.
[2024-03-03 18:34:36] [build-stderr] 2024/03/03 18:34:36 Done extracting types for package internal/fmtsort.
[2024-03-03 18:34:36] [build-stderr] 2024/03/03 18:34:36 Processing package internal/oserror.
[2024-03-03 18:34:36] [build-stderr] 2024/03/03 18:34:36 Extracting types for package internal/oserror.
[2024-03-03 18:34:36] [build-stderr] 2024/03/03 18:34:36 Done extracting types for package internal/oserror.
[2024-03-03 18:34:36] [build-stderr] 2024/03/03 18:34:36 Processing package syscall.
[2024-03-03 18:34:36] [build-stderr] 2024/03/03 18:34:36 Extracting types for package syscall.
[2024-03-03 18:34:36] [build-stderr] 2024/03/03 18:34:36 Done extracting types for package syscall.
[2024-03-03 18:34:36] [build-stderr] 2024/03/03 18:34:36 Processing package internal/syscall/unix.
[2024-03-03 18:34:36] [build-stderr] 2024/03/03 18:34:36 Extracting types for package internal/syscall/unix.
[2024-03-03 18:34:36] [build-stderr] 2024/03/03 18:34:36 Done extracting types for package internal/syscall/unix.
[2024-03-03 18:34:36] [build-stderr] 2024/03/03 18:34:36 Processing package time.
[2024-03-03 18:34:36] [build-stderr] 2024/03/03 18:34:36 Extracting types for package time.
[2024-03-03 18:34:36] [build-stderr] 2024/03/03 18:34:36 Done extracting types for package time.
[2024-03-03 18:34:36] [build-stderr] 2024/03/03 18:34:36 Processing package internal/poll.
[2024-03-03 18:34:37] [build-stderr] 2024/03/03 18:34:37 Extracting types for package internal/poll.
[2024-03-03 18:34:37] [build-stderr] 2024/03/03 18:34:37 Done extracting types for package internal/poll.
[2024-03-03 18:34:37] [build-stderr] 2024/03/03 18:34:37 Processing package internal/safefilepath.
[2024-03-03 18:34:37] [build-stderr] 2024/03/03 18:34:37 Extracting types for package internal/safefilepath.
[2024-03-03 18:34:37] [build-stderr] 2024/03/03 18:34:37 Done extracting types for package internal/safefilepath.
[2024-03-03 18:34:37] [build-stderr] 2024/03/03 18:34:37 Processing package internal/syscall/execenv.
[2024-03-03 18:34:37] [build-stderr] 2024/03/03 18:34:37 Extracting types for package internal/syscall/execenv.
[2024-03-03 18:34:37] [build-stderr] 2024/03/03 18:34:37 Done extracting types for package internal/syscall/execenv.
[2024-03-03 18:34:37] [build-stderr] 2024/03/03 18:34:37 Processing package internal/testlog.
[2024-03-03 18:34:37] [build-stderr] 2024/03/03 18:34:37 Extracting types for package internal/testlog.
[2024-03-03 18:34:37] [build-stderr] 2024/03/03 18:34:37 Done extracting types for package internal/testlog.
[2024-03-03 18:34:37] [build-stderr] 2024/03/03 18:34:37 Processing package path.
[2024-03-03 18:34:37] [build-stderr] 2024/03/03 18:34:37 Extracting types for package path.
[2024-03-03 18:34:37] [build-stderr] 2024/03/03 18:34:37 Done extracting types for package path.
[2024-03-03 18:34:37] [build-stderr] 2024/03/03 18:34:37 Processing package io/fs.
[2024-03-03 18:34:37] [build-stderr] 2024/03/03 18:34:37 Extracting types for package io/fs.
[2024-03-03 18:34:37] [build-stderr] 2024/03/03 18:34:37 Done extracting types for package io/fs.
[2024-03-03 18:34:37] [build-stderr] 2024/03/03 18:34:37 Processing package os.
[2024-03-03 18:34:38] [build-stderr] 2024/03/03 18:34:38 Extracting types for package os.
[2024-03-03 18:34:38] [build-stderr] 2024/03/03 18:34:38 Done extracting types for package os.
[2024-03-03 18:34:38] [build-stderr] 2024/03/03 18:34:38 Processing package fmt.
[2024-03-03 18:34:38] [build-stderr] 2024/03/03 18:34:38 Extracting types for package fmt.
[2024-03-03 18:34:38] [build-stderr] 2024/03/03 18:34:38 Done extracting types for package fmt.
[2024-03-03 18:34:38] [build-stderr] 2024/03/03 18:34:38 Processing package strings.
[2024-03-03 18:34:38] [build-stderr] 2024/03/03 18:34:38 Extracting types for package strings.
[2024-03-03 18:34:38] [build-stderr] 2024/03/03 18:34:38 Done extracting types for package strings.
[2024-03-03 18:34:38] [build-stderr] 2024/03/03 18:34:38 Processing package unicode/utf16.
[2024-03-03 18:34:38] [build-stderr] 2024/03/03 18:34:38 Extracting types for package unicode/utf16.
[2024-03-03 18:34:38] [build-stderr] 2024/03/03 18:34:38 Done extracting types for package unicode/utf16.
[2024-03-03 18:34:38] [build-stderr] 2024/03/03 18:34:38 Processing package encoding/json.
[2024-03-03 18:34:38] [build-stderr] 2024/03/03 18:34:38 Extracting types for package encoding/json.
[2024-03-03 18:34:38] [build-stderr] 2024/03/03 18:34:38 Done extracting types for package encoding/json.
[2024-03-03 18:34:38] [build-stderr] 2024/03/03 18:34:38 Processing package bufio.
[2024-03-03 18:34:38] [build-stderr] 2024/03/03 18:34:38 Extracting types for package bufio.
[2024-03-03 18:34:38] [build-stderr] 2024/03/03 18:34:38 Done extracting types for package bufio.
[2024-03-03 18:34:38] [build-stderr] 2024/03/03 18:34:38 Processing package compress/flate.
[2024-03-03 18:34:38] [build-stderr] 2024/03/03 18:34:38 Extracting types for package compress/flate.
[2024-03-03 18:34:38] [build-stderr] 2024/03/03 18:34:38 Done extracting types for package compress/flate.
[2024-03-03 18:34:38] [build-stderr] 2024/03/03 18:34:38 Processing package hash.
[2024-03-03 18:34:39] [build-stderr] 2024/03/03 18:34:39 Extracting types for package hash.
[2024-03-03 18:34:39] [build-stderr] 2024/03/03 18:34:39 Done extracting types for package hash.
[2024-03-03 18:34:39] [build-stderr] 2024/03/03 18:34:39 Processing package hash/crc32.
[2024-03-03 18:34:39] [build-stderr] 2024/03/03 18:34:39 Extracting types for package hash/crc32.
[2024-03-03 18:34:39] [build-stderr] 2024/03/03 18:34:39 Done extracting types for package hash/crc32.
[2024-03-03 18:34:39] [build-stderr] 2024/03/03 18:34:39 Processing package compress/gzip.
[2024-03-03 18:34:39] [build-stderr] 2024/03/03 18:34:39 Extracting types for package compress/gzip.
[2024-03-03 18:34:39] [build-stderr] 2024/03/03 18:34:39 Done extracting types for package compress/gzip.
[2024-03-03 18:34:39] [build-stderr] 2024/03/03 18:34:39 Processing package container/list.
[2024-03-03 18:34:39] [build-stderr] 2024/03/03 18:34:39 Extracting types for package container/list.
[2024-03-03 18:34:39] [build-stderr] 2024/03/03 18:34:39 Done extracting types for package container/list.
[2024-03-03 18:34:39] [build-stderr] 2024/03/03 18:34:39 Processing package context.
[2024-03-03 18:34:39] [build-stderr] 2024/03/03 18:34:39 Extracting types for package context.
[2024-03-03 18:34:39] [build-stderr] 2024/03/03 18:34:39 Done extracting types for package context.
[2024-03-03 18:34:39] [build-stderr] 2024/03/03 18:34:39 Processing package crypto.
[2024-03-03 18:34:39] [build-stderr] 2024/03/03 18:34:39 Extracting types for package crypto.
[2024-03-03 18:34:39] [build-stderr] 2024/03/03 18:34:39 Done extracting types for package crypto.
[2024-03-03 18:34:39] [build-stderr] 2024/03/03 18:34:39 Processing package crypto/internal/alias.
[2024-03-03 18:34:39] [build-stderr] 2024/03/03 18:34:39 Extracting types for package crypto/internal/alias.
[2024-03-03 18:34:39] [build-stderr] 2024/03/03 18:34:39 Done extracting types for package crypto/internal/alias.
[2024-03-03 18:34:39] [build-stderr] 2024/03/03 18:34:39 Processing package crypto/subtle.
[2024-03-03 18:34:40] [build-stderr] 2024/03/03 18:34:40 Extracting types for package crypto/subtle.
[2024-03-03 18:34:40] [build-stderr] 2024/03/03 18:34:40 Done extracting types for package crypto/subtle.
[2024-03-03 18:34:40] [build-stderr] 2024/03/03 18:34:40 Processing package crypto/cipher.
[2024-03-03 18:34:40] [build-stderr] 2024/03/03 18:34:40 Extracting types for package crypto/cipher.
[2024-03-03 18:34:40] [build-stderr] 2024/03/03 18:34:40 Done extracting types for package crypto/cipher.
[2024-03-03 18:34:40] [build-stderr] 2024/03/03 18:34:40 Processing package crypto/internal/boring/sig.
[2024-03-03 18:34:40] [build-stderr] 2024/03/03 18:34:40 Extracting types for package crypto/internal/boring/sig.
[2024-03-03 18:34:40] [build-stderr] 2024/03/03 18:34:40 Done extracting types for package crypto/internal/boring/sig.
[2024-03-03 18:34:40] [build-stderr] 2024/03/03 18:34:40 Processing package crypto/internal/boring.
[2024-03-03 18:34:40] [build-stderr] 2024/03/03 18:34:40 Extracting types for package crypto/internal/boring.
[2024-03-03 18:34:40] [build-stderr] 2024/03/03 18:34:40 Done extracting types for package crypto/internal/boring.
[2024-03-03 18:34:40] [build-stderr] 2024/03/03 18:34:40 Processing package crypto/internal/randutil.
[2024-03-03 18:34:40] [build-stderr] 2024/03/03 18:34:40 Extracting types for package crypto/internal/randutil.
[2024-03-03 18:34:40] [build-stderr] 2024/03/03 18:34:40 Done extracting types for package crypto/internal/randutil.
[2024-03-03 18:34:40] [build-stderr] 2024/03/03 18:34:40 Processing package internal/bisect.
[2024-03-03 18:34:40] [build-stderr] 2024/03/03 18:34:40 Extracting types for package internal/bisect.
[2024-03-03 18:34:40] [build-stderr] 2024/03/03 18:34:40 Done extracting types for package internal/bisect.
[2024-03-03 18:34:40] [build-stderr] 2024/03/03 18:34:40 Processing package internal/godebug.
[2024-03-03 18:34:41] [build-stderr] 2024/03/03 18:34:41 Extracting types for package internal/godebug.
[2024-03-03 18:34:41] [build-stderr] 2024/03/03 18:34:41 Done extracting types for package internal/godebug.
[2024-03-03 18:34:41] [build-stderr] 2024/03/03 18:34:41 Processing package math/rand.
[2024-03-03 18:34:41] [build-stderr] 2024/03/03 18:34:41 Extracting types for package math/rand.
[2024-03-03 18:34:41] [build-stderr] 2024/03/03 18:34:41 Done extracting types for package math/rand.
[2024-03-03 18:34:41] [build-stderr] 2024/03/03 18:34:41 Processing package math/big.
[2024-03-03 18:34:41] [build-stderr] 2024/03/03 18:34:41 Extracting types for package math/big.
[2024-03-03 18:34:41] [build-stderr] 2024/03/03 18:34:41 Done extracting types for package math/big.
[2024-03-03 18:34:41] [build-stderr] 2024/03/03 18:34:41 Processing package crypto/rand.
[2024-03-03 18:34:41] [build-stderr] 2024/03/03 18:34:41 Extracting types for package crypto/rand.
[2024-03-03 18:34:41] [build-stderr] 2024/03/03 18:34:41 Done extracting types for package crypto/rand.
[2024-03-03 18:34:41] [build-stderr] 2024/03/03 18:34:41 Processing package crypto/aes.
[2024-03-03 18:34:41] [build-stderr] 2024/03/03 18:34:41 Extracting types for package crypto/aes.
[2024-03-03 18:34:41] [build-stderr] 2024/03/03 18:34:41 Done extracting types for package crypto/aes.
[2024-03-03 18:34:41] [build-stderr] 2024/03/03 18:34:41 Processing package crypto/des.
[2024-03-03 18:34:41] [build-stderr] 2024/03/03 18:34:41 Extracting types for package crypto/des.
[2024-03-03 18:34:41] [build-stderr] 2024/03/03 18:34:41 Done extracting types for package crypto/des.
[2024-03-03 18:34:41] [build-stderr] 2024/03/03 18:34:41 Processing package crypto/internal/edwards25519/field.
[2024-03-03 18:34:41] [build-stderr] 2024/03/03 18:34:41 Extracting types for package crypto/internal/edwards25519/field.
[2024-03-03 18:34:41] [build-stderr] 2024/03/03 18:34:41 Done extracting types for package crypto/internal/edwards25519/field.
[2024-03-03 18:34:41] [build-stderr] 2024/03/03 18:34:41 Processing package crypto/internal/nistec/fiat.
[2024-03-03 18:34:42] [build-stderr] 2024/03/03 18:34:42 Extracting types for package crypto/internal/nistec/fiat.
[2024-03-03 18:34:42] [build-stderr] 2024/03/03 18:34:42 Done extracting types for package crypto/internal/nistec/fiat.
[2024-03-03 18:34:42] [build-stderr] 2024/03/03 18:34:42 Processing package embed.
[2024-03-03 18:34:42] [build-stderr] 2024/03/03 18:34:42 Extracting types for package embed.
[2024-03-03 18:34:42] [build-stderr] 2024/03/03 18:34:42 Done extracting types for package embed.
[2024-03-03 18:34:42] [build-stderr] 2024/03/03 18:34:42 Processing package crypto/internal/nistec.
[2024-03-03 18:34:42] [build-stderr] 2024/03/03 18:34:42 Extracting types for package crypto/internal/nistec.
[2024-03-03 18:34:42] [build-stderr] 2024/03/03 18:34:42 Done extracting types for package crypto/internal/nistec.
[2024-03-03 18:34:42] [build-stderr] 2024/03/03 18:34:42 Processing package crypto/ecdh.
[2024-03-03 18:34:42] [build-stderr] 2024/03/03 18:34:42 Extracting types for package crypto/ecdh.
[2024-03-03 18:34:42] [build-stderr] 2024/03/03 18:34:42 Done extracting types for package crypto/ecdh.
[2024-03-03 18:34:42] [build-stderr] 2024/03/03 18:34:42 Processing package crypto/elliptic.
[2024-03-03 18:34:42] [build-stderr] 2024/03/03 18:34:42 Extracting types for package crypto/elliptic.
[2024-03-03 18:34:42] [build-stderr] 2024/03/03 18:34:42 Done extracting types for package crypto/elliptic.
[2024-03-03 18:34:42] [build-stderr] 2024/03/03 18:34:42 Processing package crypto/internal/bigmod.
[2024-03-03 18:34:42] [build-stderr] 2024/03/03 18:34:42 Extracting types for package crypto/internal/bigmod.
[2024-03-03 18:34:42] [build-stderr] 2024/03/03 18:34:42 Done extracting types for package crypto/internal/bigmod.
[2024-03-03 18:34:42] [build-stderr] 2024/03/03 18:34:42 Processing package crypto/internal/boring/bbig.
[2024-03-03 18:34:42] [build-stderr] 2024/03/03 18:34:42 Extracting types for package crypto/internal/boring/bbig.
[2024-03-03 18:34:42] [build-stderr] 2024/03/03 18:34:42 Done extracting types for package crypto/internal/boring/bbig.
[2024-03-03 18:34:42] [build-stderr] 2024/03/03 18:34:42 Processing package crypto/sha512.
[2024-03-03 18:34:43] [build-stderr] 2024/03/03 18:34:43 Extracting types for package crypto/sha512.
[2024-03-03 18:34:43] [build-stderr] 2024/03/03 18:34:43 Done extracting types for package crypto/sha512.
[2024-03-03 18:34:43] [build-stderr] 2024/03/03 18:34:43 Processing package encoding/asn1.
[2024-03-03 18:34:43] [build-stderr] 2024/03/03 18:34:43 Extracting types for package encoding/asn1.
[2024-03-03 18:34:43] [build-stderr] 2024/03/03 18:34:43 Done extracting types for package encoding/asn1.
[2024-03-03 18:34:43] [build-stderr] 2024/03/03 18:34:43 Processing package vendor/golang.org/x/crypto/cryptobyte/asn1.
[2024-03-03 18:34:43] [build-stderr] 2024/03/03 18:34:43 Extracting types for package vendor/golang.org/x/crypto/cryptobyte/asn1.
[2024-03-03 18:34:43] [build-stderr] 2024/03/03 18:34:43 Done extracting types for package vendor/golang.org/x/crypto/cryptobyte/asn1.
[2024-03-03 18:34:43] [build-stderr] 2024/03/03 18:34:43 Processing package vendor/golang.org/x/crypto/cryptobyte.
[2024-03-03 18:34:43] [build-stderr] 2024/03/03 18:34:43 Extracting types for package vendor/golang.org/x/crypto/cryptobyte.
[2024-03-03 18:34:43] [build-stderr] 2024/03/03 18:34:43 Done extracting types for package vendor/golang.org/x/crypto/cryptobyte.
[2024-03-03 18:34:43] [build-stderr] 2024/03/03 18:34:43 Processing package crypto/ecdsa.
[2024-03-03 18:34:43] [build-stderr] 2024/03/03 18:34:43 Extracting types for package crypto/ecdsa.
[2024-03-03 18:34:43] [build-stderr] 2024/03/03 18:34:43 Done extracting types for package crypto/ecdsa.
[2024-03-03 18:34:43] [build-stderr] 2024/03/03 18:34:43 Processing package crypto/internal/edwards25519.
[2024-03-03 18:34:43] [build-stderr] 2024/03/03 18:34:43 Extracting types for package crypto/internal/edwards25519.
[2024-03-03 18:34:43] [build-stderr] 2024/03/03 18:34:43 Done extracting types for package crypto/internal/edwards25519.
[2024-03-03 18:34:43] [build-stderr] 2024/03/03 18:34:43 Processing package crypto/ed25519.
[2024-03-03 18:34:44] [build-stderr] 2024/03/03 18:34:44 Extracting types for package crypto/ed25519.
[2024-03-03 18:34:44] [build-stderr] 2024/03/03 18:34:44 Done extracting types for package crypto/ed25519.
[2024-03-03 18:34:44] [build-stderr] 2024/03/03 18:34:44 Processing package crypto/hmac.
[2024-03-03 18:34:44] [build-stderr] 2024/03/03 18:34:44 Extracting types for package crypto/hmac.
[2024-03-03 18:34:44] [build-stderr] 2024/03/03 18:34:44 Done extracting types for package crypto/hmac.
[2024-03-03 18:34:44] [build-stderr] 2024/03/03 18:34:44 Processing package crypto/md5.
[2024-03-03 18:34:44] [build-stderr] 2024/03/03 18:34:44 Extracting types for package crypto/md5.
[2024-03-03 18:34:44] [build-stderr] 2024/03/03 18:34:44 Done extracting types for package crypto/md5.
[2024-03-03 18:34:44] [build-stderr] 2024/03/03 18:34:44 Processing package crypto/rc4.
[2024-03-03 18:34:44] [build-stderr] 2024/03/03 18:34:44 Extracting types for package crypto/rc4.
[2024-03-03 18:34:44] [build-stderr] 2024/03/03 18:34:44 Done extracting types for package crypto/rc4.
[2024-03-03 18:34:44] [build-stderr] 2024/03/03 18:34:44 Processing package crypto/rsa.
[2024-03-03 18:34:44] [build-stderr] 2024/03/03 18:34:44 Extracting types for package crypto/rsa.
[2024-03-03 18:34:44] [build-stderr] 2024/03/03 18:34:44 Done extracting types for package crypto/rsa.
[2024-03-03 18:34:44] [build-stderr] 2024/03/03 18:34:44 Processing package crypto/sha1.
[2024-03-03 18:34:44] [build-stderr] 2024/03/03 18:34:44 Extracting types for package crypto/sha1.
[2024-03-03 18:34:44] [build-stderr] 2024/03/03 18:34:44 Done extracting types for package crypto/sha1.
[2024-03-03 18:34:44] [build-stderr] 2024/03/03 18:34:44 Processing package crypto/sha256.
[2024-03-03 18:34:44] [build-stderr] 2024/03/03 18:34:44 Extracting types for package crypto/sha256.
[2024-03-03 18:34:44] [build-stderr] 2024/03/03 18:34:44 Done extracting types for package crypto/sha256.
[2024-03-03 18:34:44] [build-stderr] 2024/03/03 18:34:44 Processing package crypto/dsa.
[2024-03-03 18:34:45] [build-stderr] 2024/03/03 18:34:45 Extracting types for package crypto/dsa.
[2024-03-03 18:34:45] [build-stderr] 2024/03/03 18:34:45 Done extracting types for package crypto/dsa.
[2024-03-03 18:34:45] [build-stderr] 2024/03/03 18:34:45 Processing package encoding/hex.
[2024-03-03 18:34:45] [build-stderr] 2024/03/03 18:34:45 Extracting types for package encoding/hex.
[2024-03-03 18:34:45] [build-stderr] 2024/03/03 18:34:45 Done extracting types for package encoding/hex.
[2024-03-03 18:34:45] [build-stderr] 2024/03/03 18:34:45 Processing package crypto/x509/pkix.
[2024-03-03 18:34:45] [build-stderr] 2024/03/03 18:34:45 Extracting types for package crypto/x509/pkix.
[2024-03-03 18:34:45] [build-stderr] 2024/03/03 18:34:45 Done extracting types for package crypto/x509/pkix.
[2024-03-03 18:34:45] [build-stderr] 2024/03/03 18:34:45 Processing package encoding/pem.
[2024-03-03 18:34:45] [build-stderr] 2024/03/03 18:34:45 Extracting types for package encoding/pem.
[2024-03-03 18:34:45] [build-stderr] 2024/03/03 18:34:45 Done extracting types for package encoding/pem.
[2024-03-03 18:34:45] [build-stderr] 2024/03/03 18:34:45 Processing package vendor/golang.org/x/net/dns/dnsmessage.
[2024-03-03 18:34:45] [build-stderr] 2024/03/03 18:34:45 Extracting types for package vendor/golang.org/x/net/dns/dnsmessage.
[2024-03-03 18:34:45] [build-stderr] 2024/03/03 18:34:45 Done extracting types for package vendor/golang.org/x/net/dns/dnsmessage.
[2024-03-03 18:34:45] [build-stderr] 2024/03/03 18:34:45 Processing package internal/nettrace.
[2024-03-03 18:34:45] [build-stderr] 2024/03/03 18:34:45 Extracting types for package internal/nettrace.
[2024-03-03 18:34:45] [build-stderr] 2024/03/03 18:34:45 Done extracting types for package internal/nettrace.
[2024-03-03 18:34:45] [build-stderr] 2024/03/03 18:34:45 Processing package internal/singleflight.
[2024-03-03 18:34:46] [build-stderr] 2024/03/03 18:34:46 Extracting types for package internal/singleflight.
[2024-03-03 18:34:46] [build-stderr] 2024/03/03 18:34:46 Done extracting types for package internal/singleflight.
[2024-03-03 18:34:46] [build-stderr] 2024/03/03 18:34:46 Processing package internal/intern.
[2024-03-03 18:34:46] [build-stderr] 2024/03/03 18:34:46 Extracting types for package internal/intern.
[2024-03-03 18:34:46] [build-stderr] 2024/03/03 18:34:46 Done extracting types for package internal/intern.
[2024-03-03 18:34:46] [build-stderr] 2024/03/03 18:34:46 Processing package net/netip.
[2024-03-03 18:34:46] [build-stderr] 2024/03/03 18:34:46 Extracting types for package net/netip.
[2024-03-03 18:34:46] [build-stderr] 2024/03/03 18:34:46 Done extracting types for package net/netip.
[2024-03-03 18:34:46] [build-stderr] 2024/03/03 18:34:46 Processing package runtime/cgo.
[2024-03-03 18:34:46] [build-stderr] 2024/03/03 18:34:46 Extracting types for package runtime/cgo.
[2024-03-03 18:34:46] [build-stderr] 2024/03/03 18:34:46 Done extracting types for package runtime/cgo.
[2024-03-03 18:34:46] [build-stderr] 2024/03/03 18:34:46 Processing package net.
[2024-03-03 18:34:46] [build-stderr] 2024/03/03 18:34:46 Extracting types for package net.
[2024-03-03 18:34:46] [build-stderr] 2024/03/03 18:34:46 Done extracting types for package net.
[2024-03-03 18:34:46] [build-stderr] 2024/03/03 18:34:46 Processing package net/url.
[2024-03-03 18:34:46] [build-stderr] 2024/03/03 18:34:46 Extracting types for package net/url.
[2024-03-03 18:34:46] [build-stderr] 2024/03/03 18:34:46 Done extracting types for package net/url.
[2024-03-03 18:34:46] [build-stderr] 2024/03/03 18:34:46 Processing package path/filepath.
[2024-03-03 18:34:47] [build-stderr] 2024/03/03 18:34:47 Extracting types for package path/filepath.
[2024-03-03 18:34:47] [build-stderr] 2024/03/03 18:34:47 Done extracting types for package path/filepath.
[2024-03-03 18:34:47] [build-stderr] 2024/03/03 18:34:47 Processing package crypto/x509.
[2024-03-03 18:34:47] [build-stderr] 2024/03/03 18:34:47 Extracting types for package crypto/x509.
[2024-03-03 18:34:47] [build-stderr] 2024/03/03 18:34:47 Done extracting types for package crypto/x509.
[2024-03-03 18:34:47] [build-stderr] 2024/03/03 18:34:47 Processing package vendor/golang.org/x/crypto/internal/alias.
[2024-03-03 18:34:47] [build-stderr] 2024/03/03 18:34:47 Extracting types for package vendor/golang.org/x/crypto/internal/alias.
[2024-03-03 18:34:47] [build-stderr] 2024/03/03 18:34:47 Done extracting types for package vendor/golang.org/x/crypto/internal/alias.
[2024-03-03 18:34:47] [build-stderr] 2024/03/03 18:34:47 Processing package vendor/golang.org/x/crypto/chacha20.
[2024-03-03 18:34:47] [build-stderr] 2024/03/03 18:34:47 Extracting types for package vendor/golang.org/x/crypto/chacha20.
[2024-03-03 18:34:47] [build-stderr] 2024/03/03 18:34:47 Done extracting types for package vendor/golang.org/x/crypto/chacha20.
[2024-03-03 18:34:47] [build-stderr] 2024/03/03 18:34:47 Processing package vendor/golang.org/x/crypto/internal/poly1305.
[2024-03-03 18:34:47] [build-stderr] 2024/03/03 18:34:47 Extracting types for package vendor/golang.org/x/crypto/internal/poly1305.
[2024-03-03 18:34:47] [build-stderr] 2024/03/03 18:34:47 Done extracting types for package vendor/golang.org/x/crypto/internal/poly1305.
[2024-03-03 18:34:47] [build-stderr] 2024/03/03 18:34:47 Processing package vendor/golang.org/x/sys/cpu.
[2024-03-03 18:34:47] [build-stderr] 2024/03/03 18:34:47 Extracting types for package vendor/golang.org/x/sys/cpu.
[2024-03-03 18:34:47] [build-stderr] 2024/03/03 18:34:47 Done extracting types for package vendor/golang.org/x/sys/cpu.
[2024-03-03 18:34:47] [build-stderr] 2024/03/03 18:34:47 Processing package vendor/golang.org/x/crypto/chacha20poly1305.
[2024-03-03 18:34:48] [build-stderr] 2024/03/03 18:34:48 Extracting types for package vendor/golang.org/x/crypto/chacha20poly1305.
[2024-03-03 18:34:48] [build-stderr] 2024/03/03 18:34:48 Done extracting types for package vendor/golang.org/x/crypto/chacha20poly1305.
[2024-03-03 18:34:48] [build-stderr] 2024/03/03 18:34:48 Processing package vendor/golang.org/x/crypto/hkdf.
[2024-03-03 18:34:48] [build-stderr] 2024/03/03 18:34:48 Extracting types for package vendor/golang.org/x/crypto/hkdf.
[2024-03-03 18:34:48] [build-stderr] 2024/03/03 18:34:48 Done extracting types for package vendor/golang.org/x/crypto/hkdf.
[2024-03-03 18:34:48] [build-stderr] 2024/03/03 18:34:48 Processing package crypto/tls.
[2024-03-03 18:34:48] [build-stderr] 2024/03/03 18:34:48 Extracting types for package crypto/tls.
[2024-03-03 18:34:48] [build-stderr] 2024/03/03 18:34:48 Done extracting types for package crypto/tls.
[2024-03-03 18:34:48] [build-stderr] 2024/03/03 18:34:48 Processing package vendor/golang.org/x/text/transform.
[2024-03-03 18:34:48] [build-stderr] 2024/03/03 18:34:48 Extracting types for package vendor/golang.org/x/text/transform.
[2024-03-03 18:34:48] [build-stderr] 2024/03/03 18:34:48 Done extracting types for package vendor/golang.org/x/text/transform.
[2024-03-03 18:34:48] [build-stderr] 2024/03/03 18:34:48 Processing package log/internal.
[2024-03-03 18:34:48] [build-stderr] 2024/03/03 18:34:48 Extracting types for package log/internal.
[2024-03-03 18:34:48] [build-stderr] 2024/03/03 18:34:48 Done extracting types for package log/internal.
[2024-03-03 18:34:48] [build-stderr] 2024/03/03 18:34:48 Processing package log.
[2024-03-03 18:34:48] [build-stderr] 2024/03/03 18:34:48 Extracting types for package log.
[2024-03-03 18:34:48] [build-stderr] 2024/03/03 18:34:48 Done extracting types for package log.
[2024-03-03 18:34:48] [build-stderr] 2024/03/03 18:34:48 Processing package vendor/golang.org/x/text/unicode/bidi.
[2024-03-03 18:34:49] [build-stderr] 2024/03/03 18:34:49 Extracting types for package vendor/golang.org/x/text/unicode/bidi.
[2024-03-03 18:34:49] [build-stderr] 2024/03/03 18:34:49 Done extracting types for package vendor/golang.org/x/text/unicode/bidi.
[2024-03-03 18:34:49] [build-stderr] 2024/03/03 18:34:49 Processing package vendor/golang.org/x/text/secure/bidirule.
[2024-03-03 18:34:49] [build-stderr] 2024/03/03 18:34:49 Extracting types for package vendor/golang.org/x/text/secure/bidirule.
[2024-03-03 18:34:49] [build-stderr] 2024/03/03 18:34:49 Done extracting types for package vendor/golang.org/x/text/secure/bidirule.
[2024-03-03 18:34:49] [build-stderr] 2024/03/03 18:34:49 Processing package vendor/golang.org/x/text/unicode/norm.
[2024-03-03 18:34:49] [build-stderr] 2024/03/03 18:34:49 Extracting types for package vendor/golang.org/x/text/unicode/norm.
[2024-03-03 18:34:49] [build-stderr] 2024/03/03 18:34:49 Done extracting types for package vendor/golang.org/x/text/unicode/norm.
[2024-03-03 18:34:49] [build-stderr] 2024/03/03 18:34:49 Processing package vendor/golang.org/x/net/idna.
[2024-03-03 18:34:49] [build-stderr] 2024/03/03 18:34:49 Extracting types for package vendor/golang.org/x/net/idna.
[2024-03-03 18:34:49] [build-stderr] 2024/03/03 18:34:49 Done extracting types for package vendor/golang.org/x/net/idna.
[2024-03-03 18:34:49] [build-stderr] 2024/03/03 18:34:49 Processing package net/textproto.
[2024-03-03 18:34:49] [build-stderr] 2024/03/03 18:34:49 Extracting types for package net/textproto.
[2024-03-03 18:34:49] [build-stderr] 2024/03/03 18:34:49 Done extracting types for package net/textproto.
[2024-03-03 18:34:49] [build-stderr] 2024/03/03 18:34:49 Processing package vendor/golang.org/x/net/http/httpguts.
[2024-03-03 18:34:49] [build-stderr] 2024/03/03 18:34:49 Extracting types for package vendor/golang.org/x/net/http/httpguts.
[2024-03-03 18:34:49] [build-stderr] 2024/03/03 18:34:49 Done extracting types for package vendor/golang.org/x/net/http/httpguts.
[2024-03-03 18:34:49] [build-stderr] 2024/03/03 18:34:49 Processing package vendor/golang.org/x/net/http/httpproxy.
[2024-03-03 18:34:49] [build-stderr] 2024/03/03 18:34:49 Extracting types for package vendor/golang.org/x/net/http/httpproxy.
[2024-03-03 18:34:49] [build-stderr] 2024/03/03 18:34:49 Done extracting types for package vendor/golang.org/x/net/http/httpproxy.
[2024-03-03 18:34:49] [build-stderr] 2024/03/03 18:34:49 Processing package vendor/golang.org/x/net/http2/hpack.
[2024-03-03 18:34:50] [build-stderr] 2024/03/03 18:34:50 Extracting types for package vendor/golang.org/x/net/http2/hpack.
[2024-03-03 18:34:50] [build-stderr] 2024/03/03 18:34:50 Done extracting types for package vendor/golang.org/x/net/http2/hpack.
[2024-03-03 18:34:50] [build-stderr] 2024/03/03 18:34:50 Processing package mime.
[2024-03-03 18:34:50] [build-stderr] 2024/03/03 18:34:50 Extracting types for package mime.
[2024-03-03 18:34:50] [build-stderr] 2024/03/03 18:34:50 Done extracting types for package mime.
[2024-03-03 18:34:50] [build-stderr] 2024/03/03 18:34:50 Processing package mime/quotedprintable.
[2024-03-03 18:34:50] [build-stderr] 2024/03/03 18:34:50 Extracting types for package mime/quotedprintable.
[2024-03-03 18:34:50] [build-stderr] 2024/03/03 18:34:50 Done extracting types for package mime/quotedprintable.
[2024-03-03 18:34:50] [build-stderr] 2024/03/03 18:34:50 Processing package mime/multipart.
[2024-03-03 18:34:50] [build-stderr] 2024/03/03 18:34:50 Extracting types for package mime/multipart.
[2024-03-03 18:34:50] [build-stderr] 2024/03/03 18:34:50 Done extracting types for package mime/multipart.
[2024-03-03 18:34:50] [build-stderr] 2024/03/03 18:34:50 Processing package net/http/httptrace.
[2024-03-03 18:34:50] [build-stderr] 2024/03/03 18:34:50 Extracting types for package net/http/httptrace.
[2024-03-03 18:34:50] [build-stderr] 2024/03/03 18:34:50 Done extracting types for package net/http/httptrace.
[2024-03-03 18:34:50] [build-stderr] 2024/03/03 18:34:50 Processing package net/http/internal.
[2024-03-03 18:34:51] [build-stderr] 2024/03/03 18:34:51 Extracting types for package net/http/internal.
[2024-03-03 18:34:51] [build-stderr] 2024/03/03 18:34:51 Done extracting types for package net/http/internal.
[2024-03-03 18:34:51] [build-stderr] 2024/03/03 18:34:51 Processing package net/http/internal/ascii.
[2024-03-03 18:34:51] [build-stderr] 2024/03/03 18:34:51 Extracting types for package net/http/internal/ascii.
[2024-03-03 18:34:51] [build-stderr] 2024/03/03 18:34:51 Done extracting types for package net/http/internal/ascii.
[2024-03-03 18:34:51] [build-stderr] 2024/03/03 18:34:51 Processing package net/http.
[2024-03-03 18:34:51] [build-stderr] 2024/03/03 18:34:51 Extracting types for package net/http.
[2024-03-03 18:34:51] [build-stderr] 2024/03/03 18:34:51 Done extracting types for package net/http.
[2024-03-03 18:34:51] [build-stderr] 2024/03/03 18:34:51 Processing package github.com/earentir/gitearelease.
[2024-03-03 18:34:51] [build-stderr] 2024/03/03 18:34:51 Extracting types for package github.com/earentir/gitearelease.
[2024-03-03 18:34:51] [build-stderr] 2024/03/03 18:34:51 Done extracting types for package github.com/earentir/gitearelease.
[2024-03-03 18:34:51] [build-stderr] 2024/03/03 18:34:51 Done processing dependencies.
[2024-03-03 18:34:51] [build-stderr] 2024/03/03 18:34:51 Starting to extract packages.
[2024-03-03 18:34:51] [build-stderr] 2024/03/03 18:34:51 Skipping dependency package internal/goarch.
[2024-03-03 18:34:51] [build-stderr] 2024/03/03 18:34:51 Skipping dependency package unsafe.
[2024-03-03 18:34:51] [build-stderr] 2024/03/03 18:34:51 Skipping dependency package internal/abi.
[2024-03-03 18:34:51] [build-stderr] 2024/03/03 18:34:51 Skipping dependency package internal/unsafeheader.
[2024-03-03 18:34:51] [build-stderr] 2024/03/03 18:34:51 Skipping dependency package internal/cpu.
[2024-03-03 18:34:51] [build-stderr] 2024/03/03 18:34:51 Skipping dependency package internal/bytealg.
[2024-03-03 18:34:51] [build-stderr] 2024/03/03 18:34:51 Skipping dependency package internal/chacha8rand.
[2024-03-03 18:34:51] [build-stderr] 2024/03/03 18:34:51 Skipping dependency package internal/coverage/rtcov.
[2024-03-03 18:34:51] [build-stderr] 2024/03/03 18:34:51 Skipping dependency package internal/godebugs.
[2024-03-03 18:34:51] [build-stderr] 2024/03/03 18:34:51 Skipping dependency package internal/goexperiment.
[2024-03-03 18:34:51] [build-stderr] 2024/03/03 18:34:51 Skipping dependency package internal/goos.
[2024-03-03 18:34:51] [build-stderr] 2024/03/03 18:34:51 Skipping dependency package runtime/internal/atomic.
[2024-03-03 18:34:51] [build-stderr] 2024/03/03 18:34:51 Skipping dependency package runtime/internal/math.
[2024-03-03 18:34:51] [build-stderr] 2024/03/03 18:34:51 Skipping dependency package runtime/internal/sys.
[2024-03-03 18:34:51] [build-stderr] 2024/03/03 18:34:51 Skipping dependency package runtime/internal/syscall.
[2024-03-03 18:34:51] [build-stderr] 2024/03/03 18:34:51 Skipping dependency package runtime.
[2024-03-03 18:34:51] [build-stderr] 2024/03/03 18:34:51 Skipping dependency package internal/reflectlite.
[2024-03-03 18:34:51] [build-stderr] 2024/03/03 18:34:51 Skipping dependency package errors.
[2024-03-03 18:34:51] [build-stderr] 2024/03/03 18:34:51 Skipping dependency package internal/race.
[2024-03-03 18:34:51] [build-stderr] 2024/03/03 18:34:51 Skipping dependency package sync/atomic.
[2024-03-03 18:34:51] [build-stderr] 2024/03/03 18:34:51 Skipping dependency package sync.
[2024-03-03 18:34:51] [build-stderr] 2024/03/03 18:34:51 Skipping dependency package io.
[2024-03-03 18:34:51] [build-stderr] 2024/03/03 18:34:51 Skipping dependency package unicode.
[2024-03-03 18:34:51] [build-stderr] 2024/03/03 18:34:51 Skipping dependency package unicode/utf8.
[2024-03-03 18:34:51] [build-stderr] 2024/03/03 18:34:51 Skipping dependency package bytes.
[2024-03-03 18:34:51] [build-stderr] 2024/03/03 18:34:51 Skipping dependency package encoding.
[2024-03-03 18:34:51] [build-stderr] 2024/03/03 18:34:51 Skipping dependency package math/bits.
[2024-03-03 18:34:51] [build-stderr] 2024/03/03 18:34:51 Skipping dependency package math.
[2024-03-03 18:34:51] [build-stderr] 2024/03/03 18:34:51 Skipping dependency package internal/itoa.
[2024-03-03 18:34:51] [build-stderr] 2024/03/03 18:34:51 Skipping dependency package strconv.
[2024-03-03 18:34:51] [build-stderr] 2024/03/03 18:34:51 Skipping dependency package reflect.
[2024-03-03 18:34:51] [build-stderr] 2024/03/03 18:34:51 Skipping dependency package encoding/binary.
[2024-03-03 18:34:51] [build-stderr] 2024/03/03 18:34:51 Skipping dependency package cmp.
[2024-03-03 18:34:51] [build-stderr] 2024/03/03 18:34:51 Skipping dependency package slices.
[2024-03-03 18:34:51] [build-stderr] 2024/03/03 18:34:51 Skipping dependency package encoding/base64.
[2024-03-03 18:34:51] [build-stderr] 2024/03/03 18:34:51 Skipping dependency package sort.
[2024-03-03 18:34:51] [build-stderr] 2024/03/03 18:34:51 Skipping dependency package internal/fmtsort.
[2024-03-03 18:34:51] [build-stderr] 2024/03/03 18:34:51 Skipping dependency package internal/oserror.
[2024-03-03 18:34:51] [build-stderr] 2024/03/03 18:34:51 Skipping dependency package syscall.
[2024-03-03 18:34:51] [build-stderr] 2024/03/03 18:34:51 Skipping dependency package internal/syscall/unix.
[2024-03-03 18:34:51] [build-stderr] 2024/03/03 18:34:51 Skipping dependency package time.
[2024-03-03 18:34:51] [build-stderr] 2024/03/03 18:34:51 Skipping dependency package internal/poll.
[2024-03-03 18:34:51] [build-stderr] 2024/03/03 18:34:51 Skipping dependency package internal/safefilepath.
[2024-03-03 18:34:51] [build-stderr] 2024/03/03 18:34:51 Skipping dependency package internal/syscall/execenv.
[2024-03-03 18:34:51] [build-stderr] 2024/03/03 18:34:51 Skipping dependency package internal/testlog.
[2024-03-03 18:34:51] [build-stderr] 2024/03/03 18:34:51 Skipping dependency package path.
[2024-03-03 18:34:51] [build-stderr] 2024/03/03 18:34:51 Skipping dependency package io/fs.
[2024-03-03 18:34:51] [build-stderr] 2024/03/03 18:34:51 Skipping dependency package os.
[2024-03-03 18:34:51] [build-stderr] 2024/03/03 18:34:51 Skipping dependency package fmt.
[2024-03-03 18:34:51] [build-stderr] 2024/03/03 18:34:51 Skipping dependency package strings.
[2024-03-03 18:34:51] [build-stderr] 2024/03/03 18:34:51 Skipping dependency package unicode/utf16.
[2024-03-03 18:34:51] [build-stderr] 2024/03/03 18:34:51 Skipping dependency package encoding/json.
[2024-03-03 18:34:51] [build-stderr] 2024/03/03 18:34:51 Skipping dependency package bufio.
[2024-03-03 18:34:51] [build-stderr] 2024/03/03 18:34:51 Skipping dependency package compress/flate.
[2024-03-03 18:34:51] [build-stderr] 2024/03/03 18:34:51 Skipping dependency package hash.
[2024-03-03 18:34:51] [build-stderr] 2024/03/03 18:34:51 Skipping dependency package hash/crc32.
[2024-03-03 18:34:51] [build-stderr] 2024/03/03 18:34:51 Skipping dependency package compress/gzip.
[2024-03-03 18:34:51] [build-stderr] 2024/03/03 18:34:51 Skipping dependency package container/list.
[2024-03-03 18:34:51] [build-stderr] 2024/03/03 18:34:51 Skipping dependency package context.
[2024-03-03 18:34:51] [build-stderr] 2024/03/03 18:34:51 Skipping dependency package crypto.
[2024-03-03 18:34:51] [build-stderr] 2024/03/03 18:34:51 Skipping dependency package crypto/internal/alias.
[2024-03-03 18:34:51] [build-stderr] 2024/03/03 18:34:51 Skipping dependency package crypto/subtle.
[2024-03-03 18:34:51] [build-stderr] 2024/03/03 18:34:51 Skipping dependency package crypto/cipher.
[2024-03-03 18:34:51] [build-stderr] 2024/03/03 18:34:51 Skipping dependency package crypto/internal/boring/sig.
[2024-03-03 18:34:51] [build-stderr] 2024/03/03 18:34:51 Skipping dependency package crypto/internal/boring.
[2024-03-03 18:34:51] [build-stderr] 2024/03/03 18:34:51 Skipping dependency package crypto/internal/randutil.
[2024-03-03 18:34:51] [build-stderr] 2024/03/03 18:34:51 Skipping dependency package internal/bisect.
[2024-03-03 18:34:51] [build-stderr] 2024/03/03 18:34:51 Skipping dependency package internal/godebug.
[2024-03-03 18:34:51] [build-stderr] 2024/03/03 18:34:51 Skipping dependency package math/rand.
[2024-03-03 18:34:51] [build-stderr] 2024/03/03 18:34:51 Skipping dependency package math/big.
[2024-03-03 18:34:51] [build-stderr] 2024/03/03 18:34:51 Skipping dependency package crypto/rand.
[2024-03-03 18:34:51] [build-stderr] 2024/03/03 18:34:51 Skipping dependency package crypto/aes.
[2024-03-03 18:34:51] [build-stderr] 2024/03/03 18:34:51 Skipping dependency package crypto/des.
[2024-03-03 18:34:51] [build-stderr] 2024/03/03 18:34:51 Skipping dependency package crypto/internal/edwards25519/field.
[2024-03-03 18:34:51] [build-stderr] 2024/03/03 18:34:51 Skipping dependency package crypto/internal/nistec/fiat.
[2024-03-03 18:34:51] [build-stderr] 2024/03/03 18:34:51 Skipping dependency package embed.
[2024-03-03 18:34:51] [build-stderr] 2024/03/03 18:34:51 Skipping dependency package crypto/internal/nistec.
[2024-03-03 18:34:51] [build-stderr] 2024/03/03 18:34:51 Skipping dependency package crypto/ecdh.
[2024-03-03 18:34:51] [build-stderr] 2024/03/03 18:34:51 Skipping dependency package crypto/elliptic.
[2024-03-03 18:34:51] [build-stderr] 2024/03/03 18:34:51 Skipping dependency package crypto/internal/bigmod.
[2024-03-03 18:34:51] [build-stderr] 2024/03/03 18:34:51 Skipping dependency package crypto/internal/boring/bbig.
[2024-03-03 18:34:51] [build-stderr] 2024/03/03 18:34:51 Skipping dependency package crypto/sha512.
[2024-03-03 18:34:51] [build-stderr] 2024/03/03 18:34:51 Skipping dependency package encoding/asn1.
[2024-03-03 18:34:51] [build-stderr] 2024/03/03 18:34:51 Skipping dependency package vendor/golang.org/x/crypto/cryptobyte/asn1.
[2024-03-03 18:34:51] [build-stderr] 2024/03/03 18:34:51 Skipping dependency package vendor/golang.org/x/crypto/cryptobyte.
[2024-03-03 18:34:51] [build-stderr] 2024/03/03 18:34:51 Skipping dependency package crypto/ecdsa.
[2024-03-03 18:34:51] [build-stderr] 2024/03/03 18:34:51 Skipping dependency package crypto/internal/edwards25519.
[2024-03-03 18:34:51] [build-stderr] 2024/03/03 18:34:51 Skipping dependency package crypto/ed25519.
[2024-03-03 18:34:51] [build-stderr] 2024/03/03 18:34:51 Skipping dependency package crypto/hmac.
[2024-03-03 18:34:51] [build-stderr] 2024/03/03 18:34:51 Skipping dependency package crypto/md5.
[2024-03-03 18:34:51] [build-stderr] 2024/03/03 18:34:51 Skipping dependency package crypto/rc4.
[2024-03-03 18:34:51] [build-stderr] 2024/03/03 18:34:51 Skipping dependency package crypto/rsa.
[2024-03-03 18:34:51] [build-stderr] 2024/03/03 18:34:51 Skipping dependency package crypto/sha1.
[2024-03-03 18:34:51] [build-stderr] 2024/03/03 18:34:51 Skipping dependency package crypto/sha256.
[2024-03-03 18:34:51] [build-stderr] 2024/03/03 18:34:51 Skipping dependency package crypto/dsa.
[2024-03-03 18:34:51] [build-stderr] 2024/03/03 18:34:51 Skipping dependency package encoding/hex.
[2024-03-03 18:34:51] [build-stderr] 2024/03/03 18:34:51 Skipping dependency package crypto/x509/pkix.
[2024-03-03 18:34:51] [build-stderr] 2024/03/03 18:34:51 Skipping dependency package encoding/pem.
[2024-03-03 18:34:51] [build-stderr] 2024/03/03 18:34:51 Skipping dependency package vendor/golang.org/x/net/dns/dnsmessage.
[2024-03-03 18:34:51] [build-stderr] 2024/03/03 18:34:51 Skipping dependency package internal/nettrace.
[2024-03-03 18:34:51] [build-stderr] 2024/03/03 18:34:51 Skipping dependency package internal/singleflight.
[2024-03-03 18:34:51] [build-stderr] 2024/03/03 18:34:51 Skipping dependency package internal/intern.
[2024-03-03 18:34:51] [build-stderr] 2024/03/03 18:34:51 Skipping dependency package net/netip.
[2024-03-03 18:34:51] [build-stderr] 2024/03/03 18:34:51 Skipping dependency package runtime/cgo.
[2024-03-03 18:34:51] [build-stderr] 2024/03/03 18:34:51 Skipping dependency package net.
[2024-03-03 18:34:51] [build-stderr] 2024/03/03 18:34:51 Skipping dependency package net/url.
[2024-03-03 18:34:51] [build-stderr] 2024/03/03 18:34:51 Skipping dependency package path/filepath.
[2024-03-03 18:34:51] [build-stderr] 2024/03/03 18:34:51 Skipping dependency package crypto/x509.
[2024-03-03 18:34:51] [build-stderr] 2024/03/03 18:34:51 Skipping dependency package vendor/golang.org/x/crypto/internal/alias.
[2024-03-03 18:34:51] [build-stderr] 2024/03/03 18:34:51 Skipping dependency package vendor/golang.org/x/crypto/chacha20.
[2024-03-03 18:34:51] [build-stderr] 2024/03/03 18:34:51 Skipping dependency package vendor/golang.org/x/crypto/internal/poly1305.
[2024-03-03 18:34:51] [build-stderr] 2024/03/03 18:34:51 Skipping dependency package vendor/golang.org/x/sys/cpu.
[2024-03-03 18:34:51] [build-stderr] 2024/03/03 18:34:51 Skipping dependency package vendor/golang.org/x/crypto/chacha20poly1305.
[2024-03-03 18:34:51] [build-stderr] 2024/03/03 18:34:51 Skipping dependency package vendor/golang.org/x/crypto/hkdf.
[2024-03-03 18:34:51] [build-stderr] 2024/03/03 18:34:51 Skipping dependency package crypto/tls.
[2024-03-03 18:34:51] [build-stderr] 2024/03/03 18:34:51 Skipping dependency package vendor/golang.org/x/text/transform.
[2024-03-03 18:34:51] [build-stderr] 2024/03/03 18:34:51 Skipping dependency package log/internal.
[2024-03-03 18:34:51] [build-stderr] 2024/03/03 18:34:51 Skipping dependency package log.
[2024-03-03 18:34:51] [build-stderr] 2024/03/03 18:34:51 Skipping dependency package vendor/golang.org/x/text/unicode/bidi.
[2024-03-03 18:34:51] [build-stderr] 2024/03/03 18:34:51 Skipping dependency package vendor/golang.org/x/text/secure/bidirule.
[2024-03-03 18:34:51] [build-stderr] 2024/03/03 18:34:51 Skipping dependency package vendor/golang.org/x/text/unicode/norm.
[2024-03-03 18:34:51] [build-stderr] 2024/03/03 18:34:51 Skipping dependency package vendor/golang.org/x/net/idna.
[2024-03-03 18:34:51] [build-stderr] 2024/03/03 18:34:51 Skipping dependency package net/textproto.
[2024-03-03 18:34:51] [build-stderr] 2024/03/03 18:34:51 Skipping dependency package vendor/golang.org/x/net/http/httpguts.
[2024-03-03 18:34:51] [build-stderr] 2024/03/03 18:34:51 Skipping dependency package vendor/golang.org/x/net/http/httpproxy.
[2024-03-03 18:34:51] [build-stderr] 2024/03/03 18:34:51 Skipping dependency package vendor/golang.org/x/net/http2/hpack.
[2024-03-03 18:34:51] [build-stderr] 2024/03/03 18:34:51 Skipping dependency package mime.
[2024-03-03 18:34:51] [build-stderr] 2024/03/03 18:34:51 Skipping dependency package mime/quotedprintable.
[2024-03-03 18:34:51] [build-stderr] 2024/03/03 18:34:51 Skipping dependency package mime/multipart.
[2024-03-03 18:34:51] [build-stderr] 2024/03/03 18:34:51 Skipping dependency package net/http/httptrace.
[2024-03-03 18:34:51] [build-stderr] 2024/03/03 18:34:51 Skipping dependency package net/http/internal.
[2024-03-03 18:34:51] [build-stderr] 2024/03/03 18:34:51 Skipping dependency package net/http/internal/ascii.
[2024-03-03 18:34:51] [build-stderr] 2024/03/03 18:34:51 Skipping dependency package net/http.
[2024-03-03 18:34:51] [build-stderr] 2024/03/03 18:34:51 Extracting /home/pantazis/projects/earentir/packages/gitearelease/go.mod
[2024-03-03 18:34:51] [build-stderr] 2024/03/03 18:34:51 Extracting /home/pantazis/projects/earentir/packages/gitearelease/gitearelease.go
[2024-03-03 18:34:51] [build-stderr] 2024/03/03 18:34:51 Extracting /home/pantazis/projects/earentir/packages/gitearelease/compareversions.go
[2024-03-03 18:34:51] [build-stderr] 2024/03/03 18:34:51 Extracting /home/pantazis/projects/earentir/packages/gitearelease/downloadfile.go
[2024-03-03 18:34:51] [build-stderr] 2024/03/03 18:34:51 Extracting /home/pantazis/projects/earentir/packages/gitearelease/utils.go
[2024-03-03 18:34:51] [build-stderr] 2024/03/03 18:34:51 Extracting /home/pantazis/projects/earentir/packages/gitearelease/structs.go
[2024-03-03 18:34:51] [build-stderr] 2024/03/03 18:34:51 Extracting /home/pantazis/projects/earentir/packages/gitearelease/repositories.go
[2024-03-03 18:34:51] [build-stderr] 2024/03/03 18:34:51 Extracting /home/pantazis/projects/earentir/packages/gitearelease/web.go
[2024-03-03 18:34:51] [build-stderr] 2024/03/03 18:34:51 Done extracting /home/pantazis/projects/earentir/packages/gitearelease/go.mod (1ms)
[2024-03-03 18:34:51] [build-stderr] 2024/03/03 18:34:51 Done extracting /home/pantazis/projects/earentir/packages/gitearelease/utils.go (4ms)
[2024-03-03 18:34:51] [build-stderr] 2024/03/03 18:34:51 Done extracting /home/pantazis/projects/earentir/packages/gitearelease/repositories.go (4ms)
[2024-03-03 18:34:51] [build-stderr] 2024/03/03 18:34:51 Done extracting /home/pantazis/projects/earentir/packages/gitearelease/gitearelease.go (5ms)
[2024-03-03 18:34:51] [build-stderr] 2024/03/03 18:34:51 Done extracting /home/pantazis/projects/earentir/packages/gitearelease/compareversions.go (7ms)
[2024-03-03 18:34:51] [build-stderr] 2024/03/03 18:34:51 Done extracting /home/pantazis/projects/earentir/packages/gitearelease/structs.go (10ms)
[2024-03-03 18:34:51] [build-stderr] 2024/03/03 18:34:51 Done extracting /home/pantazis/projects/earentir/packages/gitearelease/web.go (15ms)
[2024-03-03 18:34:51] [build-stderr] 2024/03/03 18:34:51 Done extracting /home/pantazis/projects/earentir/packages/gitearelease/downloadfile.go (17ms)
[2024-03-03 18:34:51] [build-stderr] 2024/03/03 18:34:51 Done extracting packages.
[2024-03-03 18:34:51] Plumbing command codeql database trace-command completed.
[2024-03-03 18:34:51] [PROGRESS] database create> Finalizing database at /home/pantazis/projects/earentir/packages/gitearelease/codeql.
[2024-03-03 18:34:51] Running plumbing command: codeql database finalize --mode=trim --no-db-cluster -- /home/pantazis/projects/earentir/packages/gitearelease/codeql
[2024-03-03 18:34:51] Using pre-finalize script /usr/local/codeql/go/tools/pre-finalize.sh.
[2024-03-03 18:34:51] [PROGRESS] database finalize> Running pre-finalize script /usr/local/codeql/go/tools/pre-finalize.sh in /home/pantazis/projects/earentir/packages/gitearelease.
[2024-03-03 18:34:51] Running plumbing command: codeql database trace-command --working-dir=/home/pantazis/projects/earentir/packages/gitearelease --no-tracing -- /home/pantazis/projects/earentir/packages/gitearelease/codeql /usr/local/codeql/go/tools/pre-finalize.sh
[2024-03-03 18:34:51] [PROGRESS] database trace-command> Running command in /home/pantazis/projects/earentir/packages/gitearelease: [/usr/local/codeql/go/tools/pre-finalize.sh]
[2024-03-03 18:34:52] [build-stderr] Scanning for files in /home/pantazis/projects/earentir/packages/gitearelease...
[2024-03-03 18:34:52] Plumbing command codeql database trace-command completed.
[2024-03-03 18:34:52] [PROGRESS] database finalize> Running TRAP import for CodeQL database at /home/pantazis/projects/earentir/packages/gitearelease/codeql...
[2024-03-03 18:34:52] Running plumbing command: codeql dataset import --dbscheme=/usr/local/codeql/go/go.dbscheme -- /home/pantazis/projects/earentir/packages/gitearelease/codeql/db-go /home/pantazis/projects/earentir/packages/gitearelease/codeql/trap/go
[2024-03-03 18:34:52] Clearing disk cache since the version file /home/pantazis/projects/earentir/packages/gitearelease/codeql/db-go/default/cache/version does not exist
[2024-03-03 18:34:52] Tuple pool not found. Clearing relations with cached strings
[2024-03-03 18:34:52] Trimming disk cache at /home/pantazis/projects/earentir/packages/gitearelease/codeql/db-go/default/cache in mode clear.
[2024-03-03 18:34:52] Sequence stamp origin is -6211709442204781550
[2024-03-03 18:34:52] Pausing evaluation to hard-clear memory at sequence stamp o+0
[2024-03-03 18:34:52] Unpausing evaluation
[2024-03-03 18:34:52] Pausing evaluation to quickly trim disk at sequence stamp o+1
[2024-03-03 18:34:52] Unpausing evaluation
[2024-03-03 18:34:52] Pausing evaluation to zealously trim disk at sequence stamp o+2
[2024-03-03 18:34:52] Unpausing evaluation
[2024-03-03 18:34:52] Trimming completed (6ms): Purged everything.
[2024-03-03 18:34:52] Scanning for files in /home/pantazis/projects/earentir/packages/gitearelease/codeql/trap/go
[2024-03-03 18:34:52] Found 145 TRAP files (2.06 MiB)
[2024-03-03 18:34:52] [PROGRESS] dataset import> Importing TRAP files
[2024-03-03 18:34:52] Importing bufio.trap.gz (1 of 145)
[2024-03-03 18:34:52] Importing bytes.trap.gz (2 of 145)
[2024-03-03 18:34:52] Importing cmp.trap.gz (3 of 145)
[2024-03-03 18:34:52] Importing 28f530e9e525976ed00ea880e495de_0.trap.gz (4 of 145)
[2024-03-03 18:34:52] Importing flate.trap.gz (5 of 145)
[2024-03-03 18:34:52] Importing gzip.trap.gz (6 of 145)
[2024-03-03 18:34:52] Importing list.trap.gz (7 of 145)
[2024-03-03 18:34:52] Importing context.trap.gz (8 of 145)
[2024-03-03 18:34:52] Importing aes.trap.gz (9 of 145)
[2024-03-03 18:34:52] Importing cipher.trap.gz (10 of 145)
[2024-03-03 18:34:52] Importing des.trap.gz (11 of 145)
[2024-03-03 18:34:52] Importing dsa.trap.gz (12 of 145)
[2024-03-03 18:34:52] Importing ecdh.trap.gz (13 of 145)
[2024-03-03 18:34:52] Importing ecdsa.trap.gz (14 of 145)
[2024-03-03 18:34:52] Importing ed25519.trap.gz (15 of 145)
[2024-03-03 18:34:52] Importing elliptic.trap.gz (16 of 145)
[2024-03-03 18:34:52] Importing hmac.trap.gz (17 of 145)
[2024-03-03 18:34:52] Importing alias.trap.gz (18 of 145)
[2024-03-03 18:34:52] Importing bigmod.trap.gz (19 of 145)
[2024-03-03 18:34:52] Importing bbig.trap.gz (20 of 145)
[2024-03-03 18:34:52] Importing sig.trap.gz (21 of 145)
[2024-03-03 18:34:52] Importing boring.trap.gz (22 of 145)
[2024-03-03 18:34:52] Importing field.trap.gz (23 of 145)
[2024-03-03 18:34:52] Importing edwards25519.trap.gz (24 of 145)
[2024-03-03 18:34:52] Importing fiat.trap.gz (25 of 145)
[2024-03-03 18:34:52] Importing nistec.trap.gz (26 of 145)
[2024-03-03 18:34:52] Importing randutil.trap.gz (27 of 145)
[2024-03-03 18:34:52] Importing md5.trap.gz (28 of 145)
[2024-03-03 18:34:52] Importing rand.trap.gz (29 of 145)
[2024-03-03 18:34:52] Importing rc4.trap.gz (30 of 145)
[2024-03-03 18:34:52] Importing rsa.trap.gz (31 of 145)
[2024-03-03 18:34:52] Importing sha1.trap.gz (32 of 145)
[2024-03-03 18:34:52] Importing sha256.trap.gz (33 of 145)
[2024-03-03 18:34:52] Importing sha512.trap.gz (34 of 145)
[2024-03-03 18:34:52] Importing subtle.trap.gz (35 of 145)
[2024-03-03 18:34:52] Importing tls.trap.gz (36 of 145)
[2024-03-03 18:34:52] Importing pkix.trap.gz (37 of 145)
[2024-03-03 18:34:52] Importing x509.trap.gz (38 of 145)
[2024-03-03 18:34:52] Importing crypto.trap.gz (39 of 145)
[2024-03-03 18:34:52] Importing embed.trap.gz (40 of 145)
[2024-03-03 18:34:52] Importing asn1.trap.gz (41 of 145)
[2024-03-03 18:34:52] Importing base64.trap.gz (42 of 145)
[2024-03-03 18:34:52] Importing binary.trap.gz (43 of 145)
[2024-03-03 18:34:52] Importing hex.trap.gz (44 of 145)
[2024-03-03 18:34:52] Importing json.trap.gz (45 of 145)
[2024-03-03 18:34:52] Importing pem.trap.gz (46 of 145)
[2024-03-03 18:34:52] Importing encoding.trap.gz (47 of 145)
[2024-03-03 18:34:52] Importing errors.trap.gz (48 of 145)
[2024-03-03 18:34:52] Importing fmt.trap.gz (49 of 145)
[2024-03-03 18:34:52] Importing gitearelease.trap.gz (50 of 145)
[2024-03-03 18:34:52] Importing crc32.trap.gz (51 of 145)
[2024-03-03 18:34:52] Importing hash.trap.gz (52 of 145)
[2024-03-03 18:34:52] Importing compareversions.go.trap.gz (53 of 145)
[2024-03-03 18:34:52] Importing downloadfile.go.trap.gz (54 of 145)
[2024-03-03 18:34:52] Importing gitearelease.go.trap.gz (55 of 145)
[2024-03-03 18:34:52] Importing go.mod.trap.gz (56 of 145)
[2024-03-03 18:34:52] Importing repositories.go.trap.gz (57 of 145)
[2024-03-03 18:34:52] Importing structs.go.trap.gz (58 of 145)
[2024-03-03 18:34:52] Importing utils.go.trap.gz (59 of 145)
[2024-03-03 18:34:52] Importing web.go.trap.gz (60 of 145)
[2024-03-03 18:34:52] Importing abi.trap.gz (61 of 145)
[2024-03-03 18:34:52] Importing bisect.trap.gz (62 of 145)
[2024-03-03 18:34:52] Importing bytealg.trap.gz (63 of 145)
[2024-03-03 18:34:52] Importing chacha8rand.trap.gz (64 of 145)
[2024-03-03 18:34:52] Importing rtcov.trap.gz (65 of 145)
[2024-03-03 18:34:52] Importing cpu.trap.gz (66 of 145)
[2024-03-03 18:34:52] Importing fmtsort.trap.gz (67 of 145)
[2024-03-03 18:34:52] Importing goarch.trap.gz (68 of 145)
[2024-03-03 18:34:52] Importing godebug.trap.gz (69 of 145)
[2024-03-03 18:34:52] Importing godebugs.trap.gz (70 of 145)
[2024-03-03 18:34:52] Importing goexperiment.trap.gz (71 of 145)
[2024-03-03 18:34:52] Importing goos.trap.gz (72 of 145)
[2024-03-03 18:34:52] Importing intern.trap.gz (73 of 145)
[2024-03-03 18:34:52] Importing itoa.trap.gz (74 of 145)
[2024-03-03 18:34:52] Importing nettrace.trap.gz (75 of 145)
[2024-03-03 18:34:52] Importing oserror.trap.gz (76 of 145)
[2024-03-03 18:34:52] Importing poll.trap.gz (77 of 145)
[2024-03-03 18:34:52] Importing race.trap.gz (78 of 145)
[2024-03-03 18:34:52] Importing reflectlite.trap.gz (79 of 145)
[2024-03-03 18:34:52] Importing safefilepath.trap.gz (80 of 145)
[2024-03-03 18:34:52] Importing singleflight.trap.gz (81 of 145)
[2024-03-03 18:34:52] Importing execenv.trap.gz (82 of 145)
[2024-03-03 18:34:52] Importing unix.trap.gz (83 of 145)
[2024-03-03 18:34:52] Importing testlog.trap.gz (84 of 145)
[2024-03-03 18:34:52] Importing unsafeheader.trap.gz (85 of 145)
[2024-03-03 18:34:52] Importing fs.trap.gz (86 of 145)
[2024-03-03 18:34:52] Importing io.trap.gz (87 of 145)
[2024-03-03 18:34:52] Importing internal.trap.gz (88 of 145)
[2024-03-03 18:34:52] Importing log.trap.gz (89 of 145)
[2024-03-03 18:34:52] Importing big.trap.gz (90 of 145)
[2024-03-03 18:34:52] Importing bits.trap.gz (91 of 145)
[2024-03-03 18:34:52] Importing rand.trap.gz (92 of 145)
[2024-03-03 18:34:52] Importing math.trap.gz (93 of 145)
[2024-03-03 18:34:52] Importing multipart.trap.gz (94 of 145)
[2024-03-03 18:34:52] Importing quotedprintable.trap.gz (95 of 145)
[2024-03-03 18:34:52] Importing mime.trap.gz (96 of 145)
[2024-03-03 18:34:52] Importing httptrace.trap.gz (97 of 145)
[2024-03-03 18:34:52] Importing ascii.trap.gz (98 of 145)
[2024-03-03 18:34:52] Importing internal.trap.gz (99 of 145)
[2024-03-03 18:34:52] Importing http.trap.gz (100 of 145)
[2024-03-03 18:34:52] Importing netip.trap.gz (101 of 145)
[2024-03-03 18:34:52] Importing textproto.trap.gz (102 of 145)
[2024-03-03 18:34:52] Importing url.trap.gz (103 of 145)
[2024-03-03 18:34:52] Importing net.trap.gz (104 of 145)
[2024-03-03 18:34:52] Importing os.trap.gz (105 of 145)
[2024-03-03 18:34:52] Importing filepath.trap.gz (106 of 145)
[2024-03-03 18:34:52] Importing path.trap.gz (107 of 145)
[2024-03-03 18:34:52] Importing reflect.trap.gz (108 of 145)
[2024-03-03 18:34:52] Importing cgo.trap.gz (109 of 145)
[2024-03-03 18:34:52] Importing atomic.trap.gz (110 of 145)
[2024-03-03 18:34:52] Importing math.trap.gz (111 of 145)
[2024-03-03 18:34:52] Importing sys.trap.gz (112 of 145)
[2024-03-03 18:34:52] Importing syscall.trap.gz (113 of 145)
[2024-03-03 18:34:52] Importing runtime.trap.gz (114 of 145)
[2024-03-03 18:34:52] Importing slices.trap.gz (115 of 145)
[2024-03-03 18:34:52] Importing sort.trap.gz (116 of 145)
[2024-03-03 18:34:52] Importing sourceLocationPrefix.trap.gz (117 of 145)
[2024-03-03 18:34:52] Importing strconv.trap.gz (118 of 145)
[2024-03-03 18:34:52] Importing strings.trap.gz (119 of 145)
[2024-03-03 18:34:52] Importing atomic.trap.gz (120 of 145)
[2024-03-03 18:34:52] Importing sync.trap.gz (121 of 145)
[2024-03-03 18:34:52] Importing syscall.trap.gz (122 of 145)
[2024-03-03 18:34:52] Importing time.trap.gz (123 of 145)
[2024-03-03 18:34:52] Importing utf16.trap.gz (124 of 145)
[2024-03-03 18:34:52] Importing utf8.trap.gz (125 of 145)
[2024-03-03 18:34:52] Importing unicode.trap.gz (126 of 145)
[2024-03-03 18:34:52] Importing universe.trap.gz (127 of 145)
[2024-03-03 18:34:52] Importing unsafe.trap.gz (128 of 145)
[2024-03-03 18:34:52] Importing chacha20.trap.gz (129 of 145)
[2024-03-03 18:34:52] Importing chacha20poly1305.trap.gz (130 of 145)
[2024-03-03 18:34:52] Importing asn1.trap.gz (131 of 145)
[2024-03-03 18:34:52] Importing cryptobyte.trap.gz (132 of 145)
[2024-03-03 18:34:52] Importing hkdf.trap.gz (133 of 145)
[2024-03-03 18:34:52] Importing alias.trap.gz (134 of 145)
[2024-03-03 18:34:52] Importing poly1305.trap.gz (135 of 145)
[2024-03-03 18:34:52] Importing dnsmessage.trap.gz (136 of 145)
[2024-03-03 18:34:52] Importing httpguts.trap.gz (137 of 145)
[2024-03-03 18:34:52] Importing httpproxy.trap.gz (138 of 145)
[2024-03-03 18:34:52] Importing hpack.trap.gz (139 of 145)
[2024-03-03 18:34:52] Importing idna.trap.gz (140 of 145)
[2024-03-03 18:34:52] Importing cpu.trap.gz (141 of 145)
[2024-03-03 18:34:52] Importing bidirule.trap.gz (142 of 145)
[2024-03-03 18:34:52] Importing transform.trap.gz (143 of 145)
[2024-03-03 18:34:52] Importing bidi.trap.gz (144 of 145)
[2024-03-03 18:34:52] Importing norm.trap.gz (145 of 145)
[2024-03-03 18:34:52] [PROGRESS] dataset import> Merging relations
[2024-03-03 18:34:53] Merging 1 fragment for 'scopes'.
[2024-03-03 18:34:53] Merged 1776 bytes (1.73 KiB) for 'scopes'.
[2024-03-03 18:34:53] Merging 1 fragment for 'scopenesting'.
[2024-03-03 18:34:53] Merged 1768 bytes (1.73 KiB) for 'scopenesting'.
[2024-03-03 18:34:53] Merging 1 fragment for 'objects'.
[2024-03-03 18:34:53] Merged 361716 bytes (353.24 KiB) for 'objects'.
[2024-03-03 18:34:53] Merging 1 fragment for 'objectscopes'.
[2024-03-03 18:34:53] Merged 114008 bytes (111.34 KiB) for 'objectscopes'.
[2024-03-03 18:34:53] Merging 1 fragment for 'typename'.
[2024-03-03 18:34:53] Merged 13448 bytes (13.13 KiB) for 'typename'.
[2024-03-03 18:34:53] Merging 1 fragment for 'types'.
[2024-03-03 18:34:53] Merged 72056 bytes (70.37 KiB) for 'types'.
[2024-03-03 18:34:53] Merging 1 fragment for 'component_types'.
[2024-03-03 18:34:53] Merged 298144 bytes (291.16 KiB) for 'component_types'.
[2024-03-03 18:34:53] Merging 1 fragment for 'methodreceivers'.
[2024-03-03 18:34:53] Merged 41384 bytes (40.41 KiB) for 'methodreceivers'.
[2024-03-03 18:34:53] Merging 1 fragment for 'underlying_type'.
[2024-03-03 18:34:53] Merged 13448 bytes (13.13 KiB) for 'underlying_type'.
[2024-03-03 18:34:53] Merging 1 fragment for 'type_objects'.
[2024-03-03 18:34:53] Merged 13448 bytes (13.13 KiB) for 'type_objects'.
[2024-03-03 18:34:53] Merging 1 fragment for 'methodhosts'.
[2024-03-03 18:34:53] Merged 2984 bytes (2.91 KiB) for 'methodhosts'.
[2024-03-03 18:34:53] Merging 1 fragment for 'element_type'.
[2024-03-03 18:34:53] Merged 5296 bytes (5.17 KiB) for 'element_type'.
[2024-03-03 18:34:53] Merging 1 fragment for 'fieldstructs'.
[2024-03-03 18:34:53] Merged 44352 bytes (43.31 KiB) for 'fieldstructs'.
[2024-03-03 18:34:53] Merging 1 fragment for 'base_type'.
[2024-03-03 18:34:53] Merged 7696 bytes (7.52 KiB) for 'base_type'.
[2024-03-03 18:34:53] Merging 1 fragment for 'objecttypes'.
[2024-03-03 18:34:53] Merged 240872 bytes (235.23 KiB) for 'objecttypes'.
[2024-03-03 18:34:53] Merging 1 fragment for 'packages'.
[2024-03-03 18:34:53] Merged 2144 bytes (2.09 KiB) for 'packages'.
[2024-03-03 18:34:53] Merging 1 fragment for 'array_length'.
[2024-03-03 18:34:53] Merged 2248 bytes (2.20 KiB) for 'array_length'.
[2024-03-03 18:34:53] Merging 1 fragment for 'typeparam'.
[2024-03-03 18:34:53] Merged 3220 bytes (3.14 KiB) for 'typeparam'.
[2024-03-03 18:34:53] Merging 1 fragment for 'variadic'.
[2024-03-03 18:34:53] Merged 216 bytes for 'variadic'.
[2024-03-03 18:34:53] Merging 1 fragment for 'compilations'.
[2024-03-03 18:34:53] Merged 8 bytes for 'compilations'.
[2024-03-03 18:34:53] Merging 1 fragment for 'compilation_args'.
[2024-03-03 18:34:53] Merged 36 bytes for 'compilation_args'.
[2024-03-03 18:34:53] Merging 1 fragment for 'compilation_compiling_files'.
[2024-03-03 18:34:53] Merged 96 bytes for 'compilation_compiling_files'.
[2024-03-03 18:34:53] Merging 1 fragment for 'compilation_finished'.
[2024-03-03 18:34:53] Merged 20 bytes for 'compilation_finished'.
[2024-03-03 18:34:53] Merging 1 fragment for 'key_type'.
[2024-03-03 18:34:53] Merged 608 bytes for 'key_type'.
[2024-03-03 18:34:53] Merging 1 fragment for 'folders'.
[2024-03-03 18:34:53] Merged 56 bytes for 'folders'.
[2024-03-03 18:34:53] Merging 1 fragment for 'containerparent'.
[2024-03-03 18:34:53] Merged 112 bytes for 'containerparent'.
[2024-03-03 18:34:53] Merging 1 fragment for 'files'.
[2024-03-03 18:34:53] Merged 64 bytes for 'files'.
[2024-03-03 18:34:53] Merging 1 fragment for 'locations_default'.
[2024-03-03 18:34:53] Merged 35088 bytes (34.27 KiB) for 'locations_default'.
[2024-03-03 18:34:53] Merging 1 fragment for 'has_location'.
[2024-03-03 18:34:53] Merged 12800 bytes (12.50 KiB) for 'has_location'.
[2024-03-03 18:34:53] Merging 1 fragment for 'literals'.
[2024-03-03 18:34:53] Merged 10236 bytes (10.00 KiB) for 'literals'.
[2024-03-03 18:34:53] Merging 1 fragment for 'exprs'.
[2024-03-03 18:34:53] Merged 17456 bytes (17.05 KiB) for 'exprs'.
[2024-03-03 18:34:53] Merging 1 fragment for 'specs'.
[2024-03-03 18:34:53] Merged 512 bytes for 'specs'.
[2024-03-03 18:34:53] Merging 1 fragment for 'decls'.
[2024-03-03 18:34:53] Merged 432 bytes for 'decls'.
[2024-03-03 18:34:53] Merging 1 fragment for 'type_of'.
[2024-03-03 18:34:53] Merged 7624 bytes (7.45 KiB) for 'type_of'.
[2024-03-03 18:34:53] Merging 1 fragment for 'defs'.
[2024-03-03 18:34:53] Merged 1488 bytes (1.45 KiB) for 'defs'.
[2024-03-03 18:34:53] Merging 1 fragment for 'fields'.
[2024-03-03 18:34:53] Merged 1728 bytes (1.69 KiB) for 'fields'.
[2024-03-03 18:34:53] Merging 1 fragment for 'uses'.
[2024-03-03 18:34:53] Merged 3824 bytes (3.73 KiB) for 'uses'.
[2024-03-03 18:34:53] Merging 1 fragment for 'scopenodes'.
[2024-03-03 18:34:53] Merged 696 bytes for 'scopenodes'.
[2024-03-03 18:34:53] Merging 1 fragment for 'stmts'.
[2024-03-03 18:34:53] Merged 2624 bytes (2.56 KiB) for 'stmts'.
[2024-03-03 18:34:53] Merging 1 fragment for 'constvalues'.
[2024-03-03 18:34:53] Merged 1092 bytes (1.07 KiB) for 'constvalues'.
[2024-03-03 18:34:53] Merging 1 fragment for 'doc_comments'.
[2024-03-03 18:34:53] Merged 104 bytes for 'doc_comments'.
[2024-03-03 18:34:53] Merging 1 fragment for 'comment_groups'.
[2024-03-03 18:34:53] Merged 252 bytes for 'comment_groups'.
[2024-03-03 18:34:53] Merging 1 fragment for 'comments'.
[2024-03-03 18:34:53] Merged 480 bytes for 'comments'.
[2024-03-03 18:34:53] Merging 1 fragment for 'numlines'.
[2024-03-03 18:34:53] Merged 112 bytes for 'numlines'.
[2024-03-03 18:34:53] Merging 1 fragment for 'modtokens'.
[2024-03-03 18:34:53] Merged 48 bytes for 'modtokens'.
[2024-03-03 18:34:53] Merging 1 fragment for 'modexprs'.
[2024-03-03 18:34:53] Merged 32 bytes for 'modexprs'.
[2024-03-03 18:34:53] Merging 1 fragment for 'sourceLocationPrefix'.
[2024-03-03 18:34:53] Merged 4 bytes for 'sourceLocationPrefix'.
[2024-03-03 18:34:53] Saving string and id pools to disk.
[2024-03-03 18:34:53] Finished importing TRAP files.
[2024-03-03 18:34:53] Read 12.29 MiB of uncompressed TRAP data.
[2024-03-03 18:34:53] Relation data size: 1.28 MiB (merge rate: 27.12 MiB/s)
[2024-03-03 18:34:53] String pool size: 2.41 MiB
[2024-03-03 18:34:53] ID pool size: 5.50 MiB
[2024-03-03 18:34:53] [PROGRESS] dataset import> Finished writing database (relations: 1.28 MiB; string pool: 2.41 MiB).
[2024-03-03 18:34:53] Pausing evaluation to close the cache at sequence stamp o+3
[2024-03-03 18:34:53] The disk cache is freshly trimmed; leave it be.
[2024-03-03 18:34:53] Unpausing evaluation
[2024-03-03 18:34:53] Plumbing command codeql dataset import completed.
[2024-03-03 18:34:53] [PROGRESS] database finalize> TRAP import complete (800ms).
[2024-03-03 18:34:53] Running plumbing command: codeql database cleanup --mode=trim -- /home/pantazis/projects/earentir/packages/gitearelease/codeql
[2024-03-03 18:34:53] [PROGRESS] database cleanup> Cleaning up existing TRAP files after import...
[2024-03-03 18:34:53] [PROGRESS] database cleanup> TRAP files cleaned up (13ms).
[2024-03-03 18:34:53] [PROGRESS] database cleanup> Cleaning up scratch directory...
[2024-03-03 18:34:53] [PROGRESS] database cleanup> Scratch directory cleaned up (0ms).
[2024-03-03 18:34:53] Running plumbing command: codeql dataset cleanup --mode=trim -- /home/pantazis/projects/earentir/packages/gitearelease/codeql/db-go
[2024-03-03 18:34:53] [PROGRESS] dataset cleanup> Cleaning up dataset in /home/pantazis/projects/earentir/packages/gitearelease/codeql/db-go.
[2024-03-03 18:34:53] Trimming disk cache at /home/pantazis/projects/earentir/packages/gitearelease/codeql/db-go/default/cache in mode trim.
[2024-03-03 18:34:53] Sequence stamp origin is -6211709438918202473
[2024-03-03 18:34:53] Pausing evaluation to quickly trim memory at sequence stamp o+0
[2024-03-03 18:34:53] Unpausing evaluation
[2024-03-03 18:34:53] Pausing evaluation to zealously trim disk at sequence stamp o+1
[2024-03-03 18:34:53] Unpausing evaluation
[2024-03-03 18:34:53] Trimming completed (2ms): Trimmed disposable data from cache.
[2024-03-03 18:34:53] Pausing evaluation to close the cache at sequence stamp o+2
[2024-03-03 18:34:53] The disk cache is freshly trimmed; leave it be.
[2024-03-03 18:34:53] Unpausing evaluation
[2024-03-03 18:34:53] [PROGRESS] dataset cleanup> Trimmed disposable data from cache.
[2024-03-03 18:34:53] [PROGRESS] dataset cleanup> Finalizing dataset in /home/pantazis/projects/earentir/packages/gitearelease/codeql/db-go
[2024-03-03 18:34:53] [DETAILS] dataset cleanup> Finished deleting ID pool from /home/pantazis/projects/earentir/packages/gitearelease/codeql/db-go (2ms).
[2024-03-03 18:34:53] Plumbing command codeql dataset cleanup completed.
[2024-03-03 18:34:53] Plumbing command codeql database cleanup completed with status 0.
[2024-03-03 18:34:53] [PROGRESS] database finalize> Finished zipping source archive (6.00 KiB).
[2024-03-03 18:34:53] Plumbing command codeql database finalize completed.
[2024-03-03 18:34:53] [PROGRESS] database create> Successfully created database at /home/pantazis/projects/earentir/packages/gitearelease/codeql.
[2024-03-03 18:34:53] Terminating normally.
